18/04/2016 22:36:55 (Std) 	+-+-+-+-+-+-+-+-+-+-+-+-+-+-+-+-+-+-+-+-+-+-+-+-+-+-+-+-+-+-+-+-+-+-+-+-+-+-+-+
18/04/2016 22:36:55 (Std) 	+                     Crazy Eddie's GUI System - Event log                    +
18/04/2016 22:36:55 (Std) 	+                          (http://www.cegui.org.uk/)                         +
18/04/2016 22:36:55 (Std) 	+-+-+-+-+-+-+-+-+-+-+-+-+-+-+-+-+-+-+-+-+-+-+-+-+-+-+-+-+-+-+-+-+-+-+-+-+-+-+-+

18/04/2016 22:36:55 (Std) 	CEGUI::Logger singleton created. (0x9e55d30)
18/04/2016 22:36:55 (Std) 	
18/04/2016 22:36:55 (Std) 	********************************************************************************
18/04/2016 22:36:55 (Std) 	* Important:                                                                   *
18/04/2016 22:36:55 (Std) 	*     To get support at the CEGUI forums, you must post _at least_ the section *
18/04/2016 22:36:55 (Std) 	*     of this log file indicated below.  Failure to do this will result in no  *
18/04/2016 22:36:55 (Std) 	*     support being given; please do not waste our time.                       *
18/04/2016 22:36:55 (Std) 	********************************************************************************
18/04/2016 22:36:55 (Std) 	********************************************************************************
18/04/2016 22:36:55 (Std) 	* -------- START OF ESSENTIAL SECTION TO BE POSTED ON THE FORUM       -------- *
18/04/2016 22:36:55 (Std) 	********************************************************************************
18/04/2016 22:36:55 (Std) 	---- Version: 0.8.4 (Build: Jan  7 2016 GNU/Linux g++ 4.8.4 64 bit) ----
18/04/2016 22:36:55 (Std) 	---- Renderer module is: CEGUI::OgreRenderer - Official OGRE based 2nd generation renderer module. ----
18/04/2016 22:36:55 (Std) 	---- XML Parser module is: CEGUI::ExpatParser - Official expat based parser module for CEGUI ----
18/04/2016 22:36:55 (Std) 	---- Image Codec module is: OgreImageCodec - Integrated ImageCodec using the Ogre engine. ----
18/04/2016 22:36:55 (Std) 	---- Scripting module is: None ----
18/04/2016 22:36:55 (Std) 	********************************************************************************
18/04/2016 22:36:55 (Std) 	* -------- END OF ESSENTIAL SECTION TO BE POSTED ON THE FORUM         -------- *
18/04/2016 22:36:55 (Std) 	********************************************************************************
18/04/2016 22:36:55 (Std) 	
18/04/2016 22:36:55 (Std) 	---- Begining CEGUI System initialisation ----
18/04/2016 22:36:55 (Std) 	[CEGUI::ImageManager] Singleton created (0x9e56680)
18/04/2016 22:36:55 (Std) 	[CEGUI::ImageManager] Registered Image type: BasicImage
18/04/2016 22:36:55 (Std) 	CEGUI::FontManager singleton created. (0x9e56b10)
18/04/2016 22:36:55 (Std) 	CEGUI::WindowFactoryManager singleton created
18/04/2016 22:36:55 (Std) 	CEGUI::WindowManager singleton created (0x9e56190)
18/04/2016 22:36:55 (Std) 	CEGUI::SchemeManager singleton created. (0x9e57a70)
18/04/2016 22:36:55 (Std) 	CEGUI::GlobalEventSet singleton created. (0x9e56700)
18/04/2016 22:36:55 (Std) 	CEGUI::AnimationManager singleton created (0x9e57ba0)
18/04/2016 22:36:55 (Std) 	CEGUI::WidgetLookManager singleton created. (0x9e54510)
18/04/2016 22:36:55 (Std) 	CEGUI::WindowRendererManager singleton created (0x9e56c40)
18/04/2016 22:36:55 (Std) 	CEGUI::RenderEffectManager singleton created (0x9e57390)
18/04/2016 22:36:55 (Std) 	Created WindowFactory for 'DefaultWindow' windows.
18/04/2016 22:36:55 (Std) 	WindowFactory for 'DefaultWindow' windows added. (0x9e5cfd0)
18/04/2016 22:36:55 (Std) 	Created WindowFactory for 'DragContainer' windows.
18/04/2016 22:36:55 (Std) 	WindowFactory for 'DragContainer' windows added. (0x9e5d0b0)
18/04/2016 22:36:55 (Std) 	Created WindowFactory for 'ScrolledContainer' windows.
18/04/2016 22:36:55 (Std) 	WindowFactory for 'ScrolledContainer' windows added. (0x9e5d280)
18/04/2016 22:36:55 (Std) 	Created WindowFactory for 'ClippedContainer' windows.
18/04/2016 22:36:55 (Std) 	WindowFactory for 'ClippedContainer' windows added. (0x9e5d460)
18/04/2016 22:36:55 (Std) 	Created WindowFactory for 'CEGUI/PushButton' windows.
18/04/2016 22:36:55 (Std) 	WindowFactory for 'CEGUI/PushButton' windows added. (0x9e5d610)
18/04/2016 22:36:55 (Std) 	Created WindowFactory for 'CEGUI/RadioButton' windows.
18/04/2016 22:36:55 (Std) 	WindowFactory for 'CEGUI/RadioButton' windows added. (0x9e5d920)
18/04/2016 22:36:55 (Std) 	Created WindowFactory for 'CEGUI/Combobox' windows.
18/04/2016 22:36:55 (Std) 	WindowFactory for 'CEGUI/Combobox' windows added. (0x9e5dac0)
18/04/2016 22:36:55 (Std) 	Created WindowFactory for 'CEGUI/ComboDropList' windows.
18/04/2016 22:36:55 (Std) 	WindowFactory for 'CEGUI/ComboDropList' windows added. (0x9e5dc60)
18/04/2016 22:36:55 (Std) 	Created WindowFactory for 'CEGUI/Editbox' windows.
18/04/2016 22:36:55 (Std) 	WindowFactory for 'CEGUI/Editbox' windows added. (0x9e5dd20)
18/04/2016 22:36:55 (Std) 	Created WindowFactory for 'CEGUI/FrameWindow' windows.
18/04/2016 22:36:55 (Std) 	WindowFactory for 'CEGUI/FrameWindow' windows added. (0x9e5e090)
18/04/2016 22:36:55 (Std) 	Created WindowFactory for 'CEGUI/ItemEntry' windows.
18/04/2016 22:36:55 (Std) 	WindowFactory for 'CEGUI/ItemEntry' windows added. (0x9e5e230)
18/04/2016 22:36:55 (Std) 	Created WindowFactory for 'CEGUI/Listbox' windows.
18/04/2016 22:36:55 (Std) 	WindowFactory for 'CEGUI/Listbox' windows added. (0x9e5e3d0)
18/04/2016 22:36:55 (Std) 	Created WindowFactory for 'CEGUI/ListHeader' windows.
18/04/2016 22:36:55 (Std) 	WindowFactory for 'CEGUI/ListHeader' windows added. (0x9e5e570)
18/04/2016 22:36:55 (Std) 	Created WindowFactory for 'CEGUI/ListHeaderSegment' windows.
18/04/2016 22:36:55 (Std) 	WindowFactory for 'CEGUI/ListHeaderSegment' windows added. (0x9e5e710)
18/04/2016 22:36:55 (Std) 	Created WindowFactory for 'CEGUI/Menubar' windows.
18/04/2016 22:36:55 (Std) 	WindowFactory for 'CEGUI/Menubar' windows added. (0x9e5e8b0)
18/04/2016 22:36:55 (Std) 	Created WindowFactory for 'CEGUI/PopupMenu' windows.
18/04/2016 22:36:55 (Std) 	WindowFactory for 'CEGUI/PopupMenu' windows added. (0x9e5ea50)
18/04/2016 22:36:55 (Std) 	Created WindowFactory for 'CEGUI/MenuItem' windows.
18/04/2016 22:36:55 (Std) 	WindowFactory for 'CEGUI/MenuItem' windows added. (0x9e5ebf0)
18/04/2016 22:36:55 (Std) 	Created WindowFactory for 'CEGUI/MultiColumnList' windows.
18/04/2016 22:36:55 (Std) 	WindowFactory for 'CEGUI/MultiColumnList' windows added. (0x9e5eea0)
18/04/2016 22:36:55 (Std) 	Created WindowFactory for 'CEGUI/MultiLineEditbox' windows.
18/04/2016 22:36:55 (Std) 	WindowFactory for 'CEGUI/MultiLineEditbox' windows added. (0x9e5f040)
18/04/2016 22:36:55 (Std) 	Created WindowFactory for 'CEGUI/ProgressBar' windows.
18/04/2016 22:36:55 (Std) 	WindowFactory for 'CEGUI/ProgressBar' windows added. (0x9e5f1e0)
18/04/2016 22:36:55 (Std) 	Created WindowFactory for 'CEGUI/ScrollablePane' windows.
18/04/2016 22:36:55 (Std) 	WindowFactory for 'CEGUI/ScrollablePane' windows added. (0x9e5f380)
18/04/2016 22:36:55 (Std) 	Created WindowFactory for 'CEGUI/Scrollbar' windows.
18/04/2016 22:36:55 (Std) 	WindowFactory for 'CEGUI/Scrollbar' windows added. (0x9e5f520)
18/04/2016 22:36:55 (Std) 	Created WindowFactory for 'CEGUI/Slider' windows.
18/04/2016 22:36:55 (Std) 	WindowFactory for 'CEGUI/Slider' windows added. (0x9e5f6c0)
18/04/2016 22:36:55 (Std) 	Created WindowFactory for 'CEGUI/Spinner' windows.
18/04/2016 22:36:55 (Std) 	WindowFactory for 'CEGUI/Spinner' windows added. (0x9e5f860)
18/04/2016 22:36:55 (Std) 	Created WindowFactory for 'CEGUI/TabButton' windows.
18/04/2016 22:36:55 (Std) 	WindowFactory for 'CEGUI/TabButton' windows added. (0x9e5fa00)
18/04/2016 22:36:55 (Std) 	Created WindowFactory for 'CEGUI/TabControl' windows.
18/04/2016 22:36:55 (Std) 	WindowFactory for 'CEGUI/TabControl' windows added. (0x9e5fba0)
18/04/2016 22:36:55 (Std) 	Created WindowFactory for 'CEGUI/Thumb' windows.
18/04/2016 22:36:55 (Std) 	WindowFactory for 'CEGUI/Thumb' windows added. (0x9e5fd40)
18/04/2016 22:36:55 (Std) 	Created WindowFactory for 'CEGUI/Titlebar' windows.
18/04/2016 22:36:55 (Std) 	WindowFactory for 'CEGUI/Titlebar' windows added. (0x9e5fee0)
18/04/2016 22:36:55 (Std) 	Created WindowFactory for 'CEGUI/ToggleButton' windows.
18/04/2016 22:36:55 (Std) 	WindowFactory for 'CEGUI/ToggleButton' windows added. (0x9e60080)
18/04/2016 22:36:55 (Std) 	Created WindowFactory for 'CEGUI/Tooltip' windows.
18/04/2016 22:36:55 (Std) 	WindowFactory for 'CEGUI/Tooltip' windows added. (0x9e60220)
18/04/2016 22:36:55 (Std) 	Created WindowFactory for 'CEGUI/ItemListbox' windows.
18/04/2016 22:36:55 (Std) 	WindowFactory for 'CEGUI/ItemListbox' windows added. (0x9e603c0)
18/04/2016 22:36:55 (Std) 	Created WindowFactory for 'CEGUI/GroupBox' windows.
18/04/2016 22:36:55 (Std) 	WindowFactory for 'CEGUI/GroupBox' windows added. (0x9e60560)
18/04/2016 22:36:55 (Std) 	Created WindowFactory for 'CEGUI/Tree' windows.
18/04/2016 22:36:55 (Std) 	WindowFactory for 'CEGUI/Tree' windows added. (0x9e60700)
18/04/2016 22:36:55 (Std) 	Created WindowFactory for 'LayoutCell' windows.
18/04/2016 22:36:55 (Std) 	WindowFactory for 'LayoutCell' windows added. (0x9e5ed90)
18/04/2016 22:36:55 (Std) 	Created WindowFactory for 'HorizontalLayoutContainer' windows.
18/04/2016 22:36:55 (Std) 	WindowFactory for 'HorizontalLayoutContainer' windows added. (0x9e60b90)
18/04/2016 22:36:55 (Std) 	Created WindowFactory for 'VerticalLayoutContainer' windows.
18/04/2016 22:36:55 (Std) 	WindowFactory for 'VerticalLayoutContainer' windows added. (0x9e60d30)
18/04/2016 22:36:55 (Std) 	Created WindowFactory for 'GridLayoutContainer' windows.
18/04/2016 22:36:55 (Std) 	WindowFactory for 'GridLayoutContainer' windows added. (0x9e60ed0)
18/04/2016 22:36:55 (Std) 	CEGUI::System singleton created. (0x9e55bb0)
18/04/2016 22:36:55 (Std) 	---- CEGUI System initialisation completed ----
18/04/2016 22:36:55 (Std) 	
18/04/2016 22:36:55 (Std) 	Started creation of Scheme from XML specification:
18/04/2016 22:36:55 (Std) 	---- CEGUI GUIScheme name: OgreTray
18/04/2016 22:36:55 (Std) 	[ImageManager] Started creation of Imageset from XML specification:
18/04/2016 22:36:55 (Std) 	[ImageManager] ---- CEGUI Imageset name: OgreTrayImages
18/04/2016 22:36:55 (Std) 	[ImageManager] ---- Source texture file: OgreTrayImages.png
18/04/2016 22:36:55 (Std) 	[ImageManager] ---- Source texture resource group: (Default)
18/04/2016 22:36:55 (Std) 	[OgreRenderer] Created texture: OgreTrayImages
18/04/2016 22:36:55 (Std) 	[ImageManager] Created image: 'OgreTrayImages/Pulse' (0x9e679a0) of type: BasicImage
18/04/2016 22:36:55 (Std) 	[ImageManager] Created image: 'OgreTrayImages/Shade' (0x9e67cd0) of type: BasicImage
18/04/2016 22:36:55 (Std) 	[ImageManager] Created image: 'OgreTrayImages/TrayB' (0x9e67ee0) of type: BasicImage
18/04/2016 22:36:55 (Std) 	[ImageManager] Created image: 'OgreTrayImages/TrayL' (0x9e680f0) of type: BasicImage
18/04/2016 22:36:55 (Std) 	[ImageManager] Created image: 'OgreTrayImages/TrayM' (0x9e68300) of type: BasicImage
18/04/2016 22:36:55 (Std) 	[ImageManager] Created image: 'OgreTrayImages/TrayR' (0x9e67040) of type: BasicImage
18/04/2016 22:36:55 (Std) 	[ImageManager] Created image: 'OgreTrayImages/TrayT' (0x9e68830) of type: BasicImage
18/04/2016 22:36:55 (Std) 	[ImageManager] Created image: 'OgreTrayImages/FrameB' (0x9e67570) of type: BasicImage
18/04/2016 22:36:55 (Std) 	[ImageManager] Created image: 'OgreTrayImages/FrameL' (0x9e64000) of type: BasicImage
18/04/2016 22:36:55 (Std) 	[ImageManager] Created image: 'OgreTrayImages/FrameM' (0x9e6acc0) of type: BasicImage
18/04/2016 22:36:55 (Std) 	[ImageManager] Created image: 'OgreTrayImages/FrameR' (0x9e6aed0) of type: BasicImage
18/04/2016 22:36:55 (Std) 	[ImageManager] Created image: 'OgreTrayImages/FrameT' (0x9e6b0e0) of type: BasicImage
18/04/2016 22:36:55 (Std) 	[ImageManager] Created image: 'OgreTrayImages/Handle' (0x9e6b2f0) of type: BasicImage
18/04/2016 22:36:55 (Std) 	[ImageManager] Created image: 'OgreTrayImages/TrayBL' (0x9e6b500) of type: BasicImage
18/04/2016 22:36:55 (Std) 	[ImageManager] Created image: 'OgreTrayImages/TrayBR' (0x9e6b710) of type: BasicImage
18/04/2016 22:36:55 (Std) 	[ImageManager] Created image: 'OgreTrayImages/TrayTL' (0x9e6b920) of type: BasicImage
18/04/2016 22:36:55 (Std) 	[ImageManager] Created image: 'OgreTrayImages/TrayTR' (0x9e6bb30) of type: BasicImage
18/04/2016 22:36:55 (Std) 	[ImageManager] Created image: 'OgreTrayImages/FrameBL' (0x9e6bd40) of type: BasicImage
18/04/2016 22:36:55 (Std) 	[ImageManager] Created image: 'OgreTrayImages/FrameBR' (0x9e6bf50) of type: BasicImage
18/04/2016 22:36:55 (Std) 	[ImageManager] Created image: 'OgreTrayImages/FrameTL' (0x9e6c160) of type: BasicImage
18/04/2016 22:36:55 (Std) 	[ImageManager] Created image: 'OgreTrayImages/FrameTR' (0x9e6c370) of type: BasicImage
18/04/2016 22:36:55 (Std) 	[ImageManager] Created image: 'OgreTrayImages/CaptionL' (0x9e6c580) of type: BasicImage
18/04/2016 22:36:55 (Std) 	[ImageManager] Created image: 'OgreTrayImages/CaptionM' (0x9e6c790) of type: BasicImage
18/04/2016 22:36:55 (Std) 	[ImageManager] Created image: 'OgreTrayImages/CaptionR' (0x9e6c9a0) of type: BasicImage
18/04/2016 22:36:55 (Std) 	[ImageManager] Created image: 'OgreTrayImages/OgreLogo' (0x9e6cbb0) of type: BasicImage
18/04/2016 22:36:55 (Std) 	[ImageManager] Created image: 'OgreTrayImages/TextBoxB' (0x9e6cdc0) of type: BasicImage
18/04/2016 22:36:55 (Std) 	[ImageManager] Created image: 'OgreTrayImages/TextBoxL' (0x9e6cfd0) of type: BasicImage
18/04/2016 22:36:55 (Std) 	[ImageManager] Created image: 'OgreTrayImages/TextBoxM' (0x9e6d1e0) of type: BasicImage
18/04/2016 22:36:55 (Std) 	[ImageManager] Created image: 'OgreTrayImages/TextBoxR' (0x9e6d3f0) of type: BasicImage
18/04/2016 22:36:55 (Std) 	[ImageManager] Created image: 'OgreTrayImages/TextBoxT' (0x9e6d600) of type: BasicImage
18/04/2016 22:36:55 (Std) 	[ImageManager] Created image: 'OgreTrayImages/BandsFull' (0x9e6d810) of type: BasicImage
18/04/2016 22:36:55 (Std) 	[ImageManager] Created image: 'OgreTrayImages/ButtonUpB' (0x9e6da20) of type: BasicImage
18/04/2016 22:36:55 (Std) 	[ImageManager] Created image: 'OgreTrayImages/ButtonUpL' (0x9e6dc30) of type: BasicImage
18/04/2016 22:36:55 (Std) 	[ImageManager] Created image: 'OgreTrayImages/ButtonUpM' (0x9e6de40) of type: BasicImage
18/04/2016 22:36:55 (Std) 	[ImageManager] Created image: 'OgreTrayImages/ButtonUpR' (0x9e6e050) of type: BasicImage
18/04/2016 22:36:55 (Std) 	[ImageManager] Created image: 'OgreTrayImages/ButtonUpT' (0x9e6e260) of type: BasicImage
18/04/2016 22:36:55 (Std) 	[ImageManager] Created image: 'OgreTrayImages/MiniTrayB' (0x9e6e470) of type: BasicImage
18/04/2016 22:36:55 (Std) 	[ImageManager] Created image: 'OgreTrayImages/MiniTrayL' (0x9e6e680) of type: BasicImage
18/04/2016 22:36:55 (Std) 	[ImageManager] Created image: 'OgreTrayImages/MiniTrayM' (0x9e6e890) of type: BasicImage
18/04/2016 22:36:55 (Std) 	[ImageManager] Created image: 'OgreTrayImages/MiniTrayR' (0x9e6eaa0) of type: BasicImage
18/04/2016 22:36:55 (Std) 	[ImageManager] Created image: 'OgreTrayImages/MiniTrayT' (0x9e6ecb0) of type: BasicImage
18/04/2016 22:36:55 (Std) 	[ImageManager] Created image: 'OgreTrayImages/TextBoxBL' (0x9e6eec0) of type: BasicImage
18/04/2016 22:36:55 (Std) 	[ImageManager] Created image: 'OgreTrayImages/TextBoxBR' (0x9e6f0d0) of type: BasicImage
18/04/2016 22:36:55 (Std) 	[ImageManager] Created image: 'OgreTrayImages/TextBoxTL' (0x9e6f2e0) of type: BasicImage
18/04/2016 22:36:55 (Std) 	[ImageManager] Created image: 'OgreTrayImages/TextBoxTR' (0x9e6f4f0) of type: BasicImage
18/04/2016 22:36:55 (Std) 	[ImageManager] Created image: 'OgreTrayImages/ButtonUpBL' (0x9e6f700) of type: BasicImage
18/04/2016 22:36:55 (Std) 	[ImageManager] Created image: 'OgreTrayImages/ButtonUpBR' (0x9e6f910) of type: BasicImage
18/04/2016 22:36:55 (Std) 	[ImageManager] Created image: 'OgreTrayImages/ButtonUpTL' (0x9e6fb20) of type: BasicImage
18/04/2016 22:36:55 (Std) 	[ImageManager] Created image: 'OgreTrayImages/ButtonUpTR' (0x9e6fd30) of type: BasicImage
18/04/2016 22:36:55 (Std) 	[ImageManager] Created image: 'OgreTrayImages/HorzTrackL' (0x9e6ff40) of type: BasicImage
18/04/2016 22:36:55 (Std) 	[ImageManager] Created image: 'OgreTrayImages/HorzTrackM' (0x9e70150) of type: BasicImage
18/04/2016 22:36:55 (Std) 	[ImageManager] Created image: 'OgreTrayImages/HorzTrackR' (0x9e70360) of type: BasicImage
18/04/2016 22:36:55 (Std) 	[ImageManager] Created image: 'OgreTrayImages/MiniTrayBL' (0x9e70570) of type: BasicImage
18/04/2016 22:36:55 (Std) 	[ImageManager] Created image: 'OgreTrayImages/MiniTrayBR' (0x9e70780) of type: BasicImage
18/04/2016 22:36:55 (Std) 	[ImageManager] Created image: 'OgreTrayImages/MiniTrayTL' (0x9e70990) of type: BasicImage
18/04/2016 22:36:55 (Std) 	[ImageManager] Created image: 'OgreTrayImages/MiniTrayTR' (0x9e70ba0) of type: BasicImage
18/04/2016 22:36:55 (Std) 	[ImageManager] Created image: 'OgreTrayImages/MouseArrow' (0x9e70db0) of type: BasicImage
18/04/2016 22:36:55 (Std) 	[ImageManager] Created image: 'OgreTrayImages/SeparatorL' (0x9e70fc0) of type: BasicImage
18/04/2016 22:36:55 (Std) 	[ImageManager] Created image: 'OgreTrayImages/SeparatorM' (0x9e711d0) of type: BasicImage
18/04/2016 22:36:55 (Std) 	[ImageManager] Created image: 'OgreTrayImages/SeparatorR' (0x9e713e0) of type: BasicImage
18/04/2016 22:36:55 (Std) 	[ImageManager] Created image: 'OgreTrayImages/VertTrackB' (0x9e715f0) of type: BasicImage
18/04/2016 22:36:55 (Std) 	[ImageManager] Created image: 'OgreTrayImages/VertTrackM' (0x9e71800) of type: BasicImage
18/04/2016 22:36:55 (Std) 	[ImageManager] Created image: 'OgreTrayImages/VertTrackT' (0x9e71a10) of type: BasicImage
18/04/2016 22:36:55 (Std) 	[ImageManager] Created image: 'OgreTrayImages/ButtonDownB' (0x9e71c20) of type: BasicImage
18/04/2016 22:36:55 (Std) 	[ImageManager] Created image: 'OgreTrayImages/ButtonDownL' (0x9e71e30) of type: BasicImage
18/04/2016 22:36:55 (Std) 	[ImageManager] Created image: 'OgreTrayImages/ButtonDownM' (0x9e72040) of type: BasicImage
18/04/2016 22:36:55 (Std) 	[ImageManager] Created image: 'OgreTrayImages/ButtonDownR' (0x9e72250) of type: BasicImage
18/04/2016 22:36:55 (Std) 	[ImageManager] Created image: 'OgreTrayImages/ButtonDownT' (0x9e72460) of type: BasicImage
18/04/2016 22:36:55 (Std) 	[ImageManager] Created image: 'OgreTrayImages/ButtonOverB' (0x9e72670) of type: BasicImage
18/04/2016 22:36:55 (Std) 	[ImageManager] Created image: 'OgreTrayImages/ButtonOverL' (0x9e72880) of type: BasicImage
18/04/2016 22:36:55 (Std) 	[ImageManager] Created image: 'OgreTrayImages/ButtonOverM' (0x9e72a90) of type: BasicImage
18/04/2016 22:36:55 (Std) 	[ImageManager] Created image: 'OgreTrayImages/ButtonOverR' (0x9e72ca0) of type: BasicImage
18/04/2016 22:36:55 (Std) 	[ImageManager] Created image: 'OgreTrayImages/ButtonOverT' (0x9e72eb0) of type: BasicImage
18/04/2016 22:36:55 (Std) 	[ImageManager] Created image: 'OgreTrayImages/ButtonDownBL' (0x9e730c0) of type: BasicImage
18/04/2016 22:36:55 (Std) 	[ImageManager] Created image: 'OgreTrayImages/ButtonDownBR' (0x9e732d0) of type: BasicImage
18/04/2016 22:36:55 (Std) 	[ImageManager] Created image: 'OgreTrayImages/ButtonDownTL' (0x9e734e0) of type: BasicImage
18/04/2016 22:36:55 (Std) 	[ImageManager] Created image: 'OgreTrayImages/ButtonDownTR' (0x9e736f0) of type: BasicImage
18/04/2016 22:36:55 (Std) 	[ImageManager] Created image: 'OgreTrayImages/ButtonOverBL' (0x9e73900) of type: BasicImage
18/04/2016 22:36:55 (Std) 	[ImageManager] Created image: 'OgreTrayImages/ButtonOverBR' (0x9e73b10) of type: BasicImage
18/04/2016 22:36:55 (Std) 	[ImageManager] Created image: 'OgreTrayImages/ButtonOverTL' (0x9e73d20) of type: BasicImage
18/04/2016 22:36:55 (Std) 	[ImageManager] Created image: 'OgreTrayImages/ButtonOverTR' (0x9e73f30) of type: BasicImage
18/04/2016 22:36:55 (Std) 	[ImageManager] Created image: 'OgreTrayImages/GenericBrush' (0x9e74140) of type: BasicImage
18/04/2016 22:36:55 (Std) 	[ImageManager] Created image: 'OgreTrayImages/MiniTextBoxB' (0x9e74350) of type: BasicImage
18/04/2016 22:36:55 (Std) 	[ImageManager] Created image: 'OgreTrayImages/MiniTextBoxL' (0x9e74560) of type: BasicImage
18/04/2016 22:36:55 (Std) 	[ImageManager] Created image: 'OgreTrayImages/MiniTextBoxM' (0x9e66c40) of type: BasicImage
18/04/2016 22:36:55 (Std) 	[ImageManager] Created image: 'OgreTrayImages/MiniTextBoxR' (0x9e74890) of type: BasicImage
18/04/2016 22:36:55 (Std) 	[ImageManager] Created image: 'OgreTrayImages/MiniTextBoxT' (0x9e74aa0) of type: BasicImage
18/04/2016 22:36:55 (Std) 	[ImageManager] Created image: 'OgreTrayImages/MiniTextBoxBL' (0x9e74cb0) of type: BasicImage
18/04/2016 22:36:55 (Std) 	[ImageManager] Created image: 'OgreTrayImages/MiniTextBoxBR' (0x9e82ae0) of type: BasicImage
18/04/2016 22:36:55 (Std) 	[ImageManager] Created image: 'OgreTrayImages/MiniTextBoxTL' (0x9e82cf0) of type: BasicImage
18/04/2016 22:36:55 (Std) 	[ImageManager] Created image: 'OgreTrayImages/MiniTextBoxTR' (0x9e82f00) of type: BasicImage
18/04/2016 22:36:55 (Std) 	[ImageManager] Created image: 'OgreTrayImages/MiniTextBoxOverB' (0x9e83110) of type: BasicImage
18/04/2016 22:36:55 (Std) 	[ImageManager] Created image: 'OgreTrayImages/MiniTextBoxOverL' (0x9e83320) of type: BasicImage
18/04/2016 22:36:55 (Std) 	[ImageManager] Created image: 'OgreTrayImages/MiniTextBoxOverM' (0x9e83530) of type: BasicImage
18/04/2016 22:36:55 (Std) 	[ImageManager] Created image: 'OgreTrayImages/MiniTextBoxOverR' (0x9e83740) of type: BasicImage
18/04/2016 22:36:55 (Std) 	[ImageManager] Created image: 'OgreTrayImages/MiniTextBoxOverT' (0x9e83950) of type: BasicImage
18/04/2016 22:36:55 (Std) 	[ImageManager] Created image: 'OgreTrayImages/MiniTextBoxOverBL' (0x9e83b60) of type: BasicImage
18/04/2016 22:36:55 (Std) 	[ImageManager] Created image: 'OgreTrayImages/MiniTextBoxOverBR' (0x9e83f20) of type: BasicImage
18/04/2016 22:36:55 (Std) 	[ImageManager] Created image: 'OgreTrayImages/MiniTextBoxOverTL' (0x9e842e0) of type: BasicImage
18/04/2016 22:36:55 (Std) 	[ImageManager] Created image: 'OgreTrayImages/MiniTextBoxOverTR' (0x9e84610) of type: BasicImage
18/04/2016 22:36:55 (Std) 	===== Falagard 'root' element: look and feel parsing begins =====
18/04/2016 22:36:55 (Std) 	===== Look and feel parsing completed =====
18/04/2016 22:36:55 (Std) 	No window renderer factories specified for module 'CEGUICoreWindowRendererSet' - adding all available factories...
18/04/2016 22:36:55 (Std) 	Created WindowRendererFactory for 'Core/Button' WindowRenderers.
18/04/2016 22:36:55 (Std) 	WindowRendererFactory 'Core/Button' added. (0xa0ee520)
18/04/2016 22:36:55 (Std) 	Created WindowRendererFactory for 'Core/Default' WindowRenderers.
18/04/2016 22:36:55 (Std) 	WindowRendererFactory 'Core/Default' added. (0x9e67330)
18/04/2016 22:36:55 (Std) 	Created WindowRendererFactory for 'Core/Editbox' WindowRenderers.
18/04/2016 22:36:55 (Std) 	WindowRendererFactory 'Core/Editbox' added. (0xa0fdec0)
18/04/2016 22:36:55 (Std) 	Created WindowRendererFactory for 'Core/FrameWindow' WindowRenderers.
18/04/2016 22:36:55 (Std) 	WindowRendererFactory 'Core/FrameWindow' added. (0xa0fe060)
18/04/2016 22:36:55 (Std) 	Created WindowRendererFactory for 'Core/ItemEntry' WindowRenderers.
18/04/2016 22:36:55 (Std) 	WindowRendererFactory 'Core/ItemEntry' added. (0xa0cfa70)
18/04/2016 22:36:55 (Std) 	Created WindowRendererFactory for 'Core/ListHeader' WindowRenderers.
18/04/2016 22:36:55 (Std) 	WindowRendererFactory 'Core/ListHeader' added. (0xa0cfc10)
18/04/2016 22:36:55 (Std) 	Created WindowRendererFactory for 'Core/ListHeaderSegment' WindowRenderers.
18/04/2016 22:36:55 (Std) 	WindowRendererFactory 'Core/ListHeaderSegment' added. (0xa0cfdb0)
18/04/2016 22:36:55 (Std) 	Created WindowRendererFactory for 'Core/Listbox' WindowRenderers.
18/04/2016 22:36:55 (Std) 	WindowRendererFactory 'Core/Listbox' added. (0xa0cd700)
18/04/2016 22:36:55 (Std) 	Created WindowRendererFactory for 'Core/Menubar' WindowRenderers.
18/04/2016 22:36:55 (Std) 	WindowRendererFactory 'Core/Menubar' added. (0xa0cd8a0)
18/04/2016 22:36:55 (Std) 	Created WindowRendererFactory for 'Core/MenuItem' WindowRenderers.
18/04/2016 22:36:55 (Std) 	WindowRendererFactory 'Core/MenuItem' added. (0xa0cd960)
18/04/2016 22:36:56 (Std) 	Created WindowRendererFactory for 'Core/MultiColumnList' WindowRenderers.
18/04/2016 22:36:56 (Std) 	WindowRendererFactory 'Core/MultiColumnList' added. (0xa08f860)
18/04/2016 22:36:56 (Std) 	Created WindowRendererFactory for 'Core/MultiLineEditbox' WindowRenderers.
18/04/2016 22:36:56 (Std) 	WindowRendererFactory 'Core/MultiLineEditbox' added. (0x9e65280)
18/04/2016 22:36:56 (Std) 	Created WindowRendererFactory for 'Core/PopupMenu' WindowRenderers.
18/04/2016 22:36:56 (Std) 	WindowRendererFactory 'Core/PopupMenu' added. (0x9e65420)
18/04/2016 22:36:56 (Std) 	Created WindowRendererFactory for 'Core/ProgressBar' WindowRenderers.
18/04/2016 22:36:56 (Std) 	WindowRendererFactory 'Core/ProgressBar' added. (0x9e655c0)
18/04/2016 22:36:56 (Std) 	Created WindowRendererFactory for 'Core/ScrollablePane' WindowRenderers.
18/04/2016 22:36:56 (Std) 	WindowRendererFactory 'Core/ScrollablePane' added. (0x9e65760)
18/04/2016 22:36:56 (Std) 	Created WindowRendererFactory for 'Core/Scrollbar' WindowRenderers.
18/04/2016 22:36:56 (Std) 	WindowRendererFactory 'Core/Scrollbar' added. (0x9e65900)
18/04/2016 22:36:56 (Std) 	Created WindowRendererFactory for 'Core/Slider' WindowRenderers.
18/04/2016 22:36:56 (Std) 	WindowRendererFactory 'Core/Slider' added. (0xa0eb020)
18/04/2016 22:36:56 (Std) 	Created WindowRendererFactory for 'Core/Static' WindowRenderers.
18/04/2016 22:36:56 (Std) 	WindowRendererFactory 'Core/Static' added. (0xa0eb2d0)
18/04/2016 22:36:56 (Std) 	Created WindowRendererFactory for 'Core/StaticImage' WindowRenderers.
18/04/2016 22:36:56 (Std) 	WindowRendererFactory 'Core/StaticImage' added. (0xa0eb470)
18/04/2016 22:36:56 (Std) 	Created WindowRendererFactory for 'Core/StaticText' WindowRenderers.
18/04/2016 22:36:56 (Std) 	WindowRendererFactory 'Core/StaticText' added. (0xa0eb610)
18/04/2016 22:36:56 (Std) 	Created WindowRendererFactory for 'Core/TabButton' WindowRenderers.
18/04/2016 22:36:56 (Std) 	WindowRendererFactory 'Core/TabButton' added. (0xa0eb7b0)
18/04/2016 22:36:56 (Std) 	Created WindowRendererFactory for 'Core/TabControl' WindowRenderers.
18/04/2016 22:36:56 (Std) 	WindowRendererFactory 'Core/TabControl' added. (0x9e68f30)
18/04/2016 22:36:56 (Std) 	Created WindowRendererFactory for 'Core/Titlebar' WindowRenderers.
18/04/2016 22:36:56 (Std) 	WindowRendererFactory 'Core/Titlebar' added. (0x9e690d0)
18/04/2016 22:36:56 (Std) 	Created WindowRendererFactory for 'Core/ToggleButton' WindowRenderers.
18/04/2016 22:36:56 (Std) 	WindowRendererFactory 'Core/ToggleButton' added. (0x9e69270)
18/04/2016 22:36:56 (Std) 	Created WindowRendererFactory for 'Core/Tooltip' WindowRenderers.
18/04/2016 22:36:56 (Std) 	WindowRendererFactory 'Core/Tooltip' added. (0x9e69410)
18/04/2016 22:36:56 (Std) 	Created WindowRendererFactory for 'Core/ItemListbox' WindowRenderers.
18/04/2016 22:36:56 (Std) 	WindowRendererFactory 'Core/ItemListbox' added. (0x9e695b0)
18/04/2016 22:36:56 (Std) 	Created WindowRendererFactory for 'Core/Tree' WindowRenderers.
18/04/2016 22:36:56 (Std) 	WindowRendererFactory 'Core/Tree' added. (0x9e69750)
18/04/2016 22:36:56 (Std) 	Creating falagard mapping for type 'OgreTray/Label' using base type 'DefaultWindow', window renderer 'Core/Default' Look'N'Feel 'OgreTray/Label' and RenderEffect ''. (0x7ffdf10415e0)
18/04/2016 22:36:56 (Std) 	Creating falagard mapping for type 'OgreTray/Button' using base type 'CEGUI/PushButton', window renderer 'Core/Button' Look'N'Feel 'OgreTray/PushButton' and RenderEffect ''. (0x7ffdf10415e0)
18/04/2016 22:36:56 (Std) 	Creating falagard mapping for type 'OgreTray/Titlebar' using base type 'CEGUI/Titlebar', window renderer 'Core/Titlebar' Look'N'Feel 'OgreTray/Titlebar' and RenderEffect ''. (0x7ffdf10415e0)
18/04/2016 22:36:56 (Std) 	Creating falagard mapping for type 'OgreTray/FrameWindow' using base type 'CEGUI/FrameWindow', window renderer 'Core/FrameWindow' Look'N'Feel 'OgreTray/FrameWindow' and RenderEffect ''. (0x7ffdf10415e0)
18/04/2016 22:36:56 (Std) 	Creating falagard mapping for type 'OgreTray/Thumb' using base type 'CEGUI/Thumb', window renderer 'Core/Button' Look'N'Feel 'OgreTray/Thumb' and RenderEffect ''. (0x7ffdf10415e0)
18/04/2016 22:36:56 (Std) 	Creating falagard mapping for type 'OgreTray/VerticalScrollbar' using base type 'CEGUI/Scrollbar', window renderer 'Core/Scrollbar' Look'N'Feel 'OgreTray/VerticalScrollbar' and RenderEffect ''. (0x7ffdf10415e0)
18/04/2016 22:36:56 (Std) 	Creating falagard mapping for type 'OgreTray/HorizontalScrollbar' using base type 'CEGUI/Scrollbar', window renderer 'Core/Scrollbar' Look'N'Feel 'OgreTray/HorizontalScrollbar' and RenderEffect ''. (0x7ffdf10415e0)
18/04/2016 22:36:56 (Std) 	Creating falagard mapping for type 'OgreTray/StaticText' using base type 'DefaultWindow', window renderer 'Core/StaticText' Look'N'Feel 'OgreTray/StaticText' and RenderEffect ''. (0x7ffdf10415e0)
18/04/2016 22:36:56 (Std) 	Creating falagard mapping for type 'OgreTray/Title' using base type 'DefaultWindow', window renderer 'Core/Default' Look'N'Feel 'OgreTray/MiniTray' and RenderEffect ''. (0x7ffdf10415e0)
18/04/2016 22:36:56 (Std) 	Creating falagard mapping for type 'OgreTray/CaptionedStaticText' using base type 'DefaultWindow', window renderer 'Core/StaticText' Look'N'Feel 'OgreTray/CaptionedStaticText' and RenderEffect ''. (0x7ffdf10415e0)
18/04/2016 22:36:56 (Std) 	Creating falagard mapping for type 'OgreTray/ProgressBar' using base type 'CEGUI/ProgressBar', window renderer 'Core/ProgressBar' Look'N'Feel 'OgreTray/ProgressBar' and RenderEffect ''. (0x7ffdf10415e0)
18/04/2016 22:36:56 (Std) 	Creating falagard mapping for type 'OgreTray/Editbox' using base type 'CEGUI/Editbox', window renderer 'Core/Editbox' Look'N'Feel 'OgreTray/Editbox' and RenderEffect ''. (0x7ffdf10415e0)
18/04/2016 22:36:56 (Std) 	Creating falagard mapping for type 'OgreTray/MultiLineEditbox' using base type 'CEGUI/MultiLineEditbox', window renderer 'Core/MultiLineEditbox' Look'N'Feel 'OgreTray/MultiLineEditbox' and RenderEffect ''. (0x7ffdf10415e0)
18/04/2016 22:36:56 (Std) 	Creating falagard mapping for type 'OgreTray/Listbox' using base type 'CEGUI/Listbox', window renderer 'Core/Listbox' Look'N'Feel 'OgreTray/Listbox' and RenderEffect ''. (0x7ffdf10415e0)
18/04/2016 22:36:56 (Std) 	Creating falagard mapping for type 'OgreTray/ComboDropList' using base type 'CEGUI/ComboDropList', window renderer 'Core/Listbox' Look'N'Feel 'OgreTray/Listbox' and RenderEffect ''. (0x7ffdf10415e0)
18/04/2016 22:36:56 (Std) 	Creating falagard mapping for type 'OgreTray/Combobox' using base type 'CEGUI/Combobox', window renderer 'Core/Default' Look'N'Feel 'OgreTray/Combobox' and RenderEffect ''. (0x7ffdf10415e0)
18/04/2016 22:36:56 (Std) 	Creating falagard mapping for type 'OgreTray/DropDownMenu' using base type 'CEGUI/Combobox', window renderer 'Core/Default' Look'N'Feel 'OgreTray/DropDownMenu' and RenderEffect ''. (0x7ffdf10415e0)
18/04/2016 22:36:56 (Std) 	Creating falagard mapping for type 'OgreTray/Group' using base type 'DefaultWindow', window renderer 'Core/Default' Look'N'Feel 'OgreTray/Group' and RenderEffect ''. (0x7ffdf10415e0)
18/04/2016 22:36:56 (Std) 	Creating falagard mapping for type 'OgreTray/Checkbox' using base type 'CEGUI/ToggleButton', window renderer 'Core/ToggleButton' Look'N'Feel 'OgreTray/Checkbox' and RenderEffect ''. (0x7ffdf10415e0)
18/04/2016 22:36:56 (Std) 	Creating falagard mapping for type 'OgreTray/RadioButton' using base type 'CEGUI/RadioButton', window renderer 'Core/ToggleButton' Look'N'Feel 'OgreTray/RadioButton' and RenderEffect ''. (0x7ffdf10415e0)
18/04/2016 22:36:56 (Std) 	Creating falagard mapping for type 'OgreTray/Slider' using base type 'CEGUI/Slider', window renderer 'Core/Slider' Look'N'Feel 'OgreTray/Slider' and RenderEffect ''. (0x7ffdf10415e0)
18/04/2016 22:36:56 (Std) 	Creating falagard mapping for type 'OgreTray/StaticImage' using base type 'DefaultWindow', window renderer 'Core/StaticImage' Look'N'Feel 'OgreTray/StaticImage' and RenderEffect ''. (0x7ffdf10415e0)
18/04/2016 22:36:56 (Std) 	Creating falagard mapping for type 'OgreTray/AltStaticImage' using base type 'DefaultWindow', window renderer 'Core/Default' Look'N'Feel 'OgreTray/AltStaticImage' and RenderEffect ''. (0x7ffdf10415e0)
18/04/2016 22:36:56 (Std) 	Creating falagard mapping for type 'OgreTray/Tooltip' using base type 'CEGUI/Tooltip', window renderer 'Core/Tooltip' Look'N'Feel 'OgreTray/Tooltip' and RenderEffect ''. (0x7ffdf10415e0)
18/04/2016 22:36:56 (Std) 	Creating falagard mapping for type 'OgreTray/ItemListbox' using base type 'CEGUI/ItemListbox', window renderer 'Core/ItemListbox' Look'N'Feel 'OgreTray/ItemListbox' and RenderEffect ''. (0x7ffdf10415e0)
18/04/2016 22:36:56 (Std) 	Creating falagard mapping for type 'OgreTray/ListboxItem' using base type 'CEGUI/ItemEntry', window renderer 'Core/ItemEntry' Look'N'Feel 'OgreTray/ListboxItem' and RenderEffect ''. (0x7ffdf10415e0)
18/04/2016 22:36:56 (Std) 	Creating falagard mapping for type 'OgreTray/Spinner' using base type 'CEGUI/Spinner', window renderer 'Core/Default' Look'N'Feel 'OgreTray/Spinner' and RenderEffect ''. (0x7ffdf10415e0)
18/04/2016 22:36:56 (Std) 	Creating falagard mapping for type 'OgreTray/ScrollablePane' using base type 'CEGUI/ScrollablePane', window renderer 'Core/ScrollablePane' Look'N'Feel 'OgreTray/ScrollablePane' and RenderEffect ''. (0x7ffdf10415e0)
18/04/2016 22:36:56 (Std) 	Creating falagard mapping for type 'OgreTray/ListHeaderSegment' using base type 'CEGUI/ListHeaderSegment', window renderer 'Core/ListHeaderSegment' Look'N'Feel 'OgreTray/ListHeaderSegment' and RenderEffect ''. (0x7ffdf10415e0)
18/04/2016 22:36:56 (Std) 	Creating falagard mapping for type 'OgreTray/ListHeader' using base type 'CEGUI/ListHeader', window renderer 'Core/ListHeader' Look'N'Feel 'OgreTray/ListHeader' and RenderEffect ''. (0x7ffdf10415e0)
18/04/2016 22:36:56 (Std) 	Creating falagard mapping for type 'OgreTray/MultiColumnList' using base type 'CEGUI/MultiColumnList', window renderer 'Core/MultiColumnList' Look'N'Feel 'OgreTray/MultiColumnList' and RenderEffect ''. (0x7ffdf10415e0)
18/04/2016 22:36:56 (Std) 	Creating falagard mapping for type 'OgreTray/MenuItem' using base type 'CEGUI/MenuItem', window renderer 'Core/MenuItem' Look'N'Feel 'OgreTray/MenuItem' and RenderEffect ''. (0x7ffdf10415e0)
18/04/2016 22:36:56 (Std) 	Creating falagard mapping for type 'OgreTray/Menubar' using base type 'CEGUI/Menubar', window renderer 'Core/Menubar' Look'N'Feel 'OgreTray/Menubar' and RenderEffect ''. (0x7ffdf10415e0)
18/04/2016 22:36:56 (Std) 	Creating falagard mapping for type 'OgreTray/PopupMenu' using base type 'CEGUI/PopupMenu', window renderer 'Core/PopupMenu' Look'N'Feel 'OgreTray/PopupMenu' and RenderEffect ''. (0x7ffdf10415e0)
18/04/2016 22:36:56 (Std) 	Creating falagard mapping for type 'OgreTray/TabButton' using base type 'CEGUI/TabButton', window renderer 'Core/TabButton' Look'N'Feel 'OgreTray/TabButton' and RenderEffect ''. (0x7ffdf10415e0)
18/04/2016 22:36:56 (Std) 	Creating falagard mapping for type 'OgreTray/TabButtonPane' using base type 'DefaultWindow', window renderer 'Core/Default' Look'N'Feel 'OgreTray/TabButtonPane' and RenderEffect ''. (0x7ffdf10415e0)
18/04/2016 22:36:56 (Std) 	Creating falagard mapping for type 'OgreTray/TabContentPane' using base type 'DefaultWindow', window renderer 'Core/Default' Look'N'Feel 'OgreTray/TabContentPane' and RenderEffect ''. (0x7ffdf10415e0)
18/04/2016 22:36:56 (Std) 	Creating falagard mapping for type 'OgreTray/TabControl' using base type 'CEGUI/TabControl', window renderer 'Core/TabControl' Look'N'Feel 'OgreTray/TabControl' and RenderEffect ''. (0x7ffdf10415e0)
18/04/2016 22:36:56 (Std) 	Creating falagard mapping for type 'OgreTray/BG' using base type 'DefaultWindow', window renderer 'Core/Default' Look'N'Feel 'OgreTray/BGTest' and RenderEffect ''. (0x7ffdf10415e0)
18/04/2016 22:36:56 (Std) 	Started creation of Scheme from XML specification:
18/04/2016 22:36:56 (Std) 	---- CEGUI GUIScheme name: TaharezLook
18/04/2016 22:36:56 (Std) 	[ImageManager] Started creation of Imageset from XML specification:
18/04/2016 22:36:56 (Std) 	[ImageManager] ---- CEGUI Imageset name: TaharezLook
18/04/2016 22:36:56 (Std) 	[ImageManager] ---- Source texture file: TaharezLook.png
18/04/2016 22:36:56 (Std) 	[ImageManager] ---- Source texture resource group: (Default)
18/04/2016 22:36:56 (Std) 	[OgreRenderer] Created texture: TaharezLook
18/04/2016 22:36:56 (Std) 	[ImageManager] Created image: 'TaharezLook/ClientBrush' (0xa01a860) of type: BasicImage
18/04/2016 22:36:56 (Std) 	[ImageManager] Created image: 'TaharezLook/GenericBrush' (0xa01a3b0) of type: BasicImage
18/04/2016 22:36:56 (Std) 	[ImageManager] Created image: 'TaharezLook/WindowLeftEdge' (0x9fed430) of type: BasicImage
18/04/2016 22:36:56 (Std) 	[ImageManager] Created image: 'TaharezLook/WindowRightEdge' (0xa01af20) of type: BasicImage
18/04/2016 22:36:56 (Std) 	[ImageManager] Created image: 'TaharezLook/WindowTopEdge' (0x9ff24e0) of type: BasicImage
18/04/2016 22:36:56 (Std) 	[ImageManager] Created image: 'TaharezLook/WindowBottomEdge' (0xa01a090) of type: BasicImage
18/04/2016 22:36:56 (Std) 	[ImageManager] Created image: 'TaharezLook/WindowTopLeft' (0x9fed640) of type: BasicImage
18/04/2016 22:36:56 (Std) 	[ImageManager] Created image: 'TaharezLook/WindowTopRight' (0x9fed850) of type: BasicImage
18/04/2016 22:36:56 (Std) 	[ImageManager] Created image: 'TaharezLook/WindowBottomLeft' (0x9feda60) of type: BasicImage
18/04/2016 22:36:56 (Std) 	[ImageManager] Created image: 'TaharezLook/WindowBottomRight' (0x9fedc70) of type: BasicImage
18/04/2016 22:36:56 (Std) 	[ImageManager] Created image: 'TaharezLook/ButtonLeftNormal' (0x9fede80) of type: BasicImage
18/04/2016 22:36:56 (Std) 	[ImageManager] Created image: 'TaharezLook/ButtonMiddleNormal' (0x9fee090) of type: BasicImage
18/04/2016 22:36:56 (Std) 	[ImageManager] Created image: 'TaharezLook/ButtonRightNormal' (0x9fee2a0) of type: BasicImage
18/04/2016 22:36:56 (Std) 	[ImageManager] Created image: 'TaharezLook/ButtonLeftPushed' (0x9fee4b0) of type: BasicImage
18/04/2016 22:36:56 (Std) 	[ImageManager] Created image: 'TaharezLook/ButtonMiddlePushed' (0x9fee6c0) of type: BasicImage
18/04/2016 22:36:56 (Std) 	[ImageManager] Created image: 'TaharezLook/ButtonRightPushed' (0x9fee8d0) of type: BasicImage
18/04/2016 22:36:56 (Std) 	[ImageManager] Created image: 'TaharezLook/ButtonLeftHighlight' (0x9feeae0) of type: BasicImage
18/04/2016 22:36:56 (Std) 	[ImageManager] Created image: 'TaharezLook/ButtonMiddleHighlight' (0x9feecf0) of type: BasicImage
18/04/2016 22:36:56 (Std) 	[ImageManager] Created image: 'TaharezLook/ButtonRightHighlight' (0x9fef0b0) of type: BasicImage
18/04/2016 22:36:56 (Std) 	[ImageManager] Created image: 'TaharezLook/CheckboxNormal' (0x9fef3e0) of type: BasicImage
18/04/2016 22:36:56 (Std) 	[ImageManager] Created image: 'TaharezLook/CheckboxHover' (0x9fef5f0) of type: BasicImage
18/04/2016 22:36:56 (Std) 	[ImageManager] Created image: 'TaharezLook/CheckboxMark' (0x9fef800) of type: BasicImage
18/04/2016 22:36:56 (Std) 	[ImageManager] Created image: 'TaharezLook/RadioButtonNormal' (0x9fefa10) of type: BasicImage
18/04/2016 22:36:56 (Std) 	[ImageManager] Created image: 'TaharezLook/RadioButtonHover' (0x9fefc20) of type: BasicImage
18/04/2016 22:36:56 (Std) 	[ImageManager] Created image: 'TaharezLook/RadioButtonMark' (0x9fefe30) of type: BasicImage
18/04/2016 22:36:56 (Std) 	[ImageManager] Created image: 'TaharezLook/TitlebarLeft' (0x9ff0040) of type: BasicImage
18/04/2016 22:36:56 (Std) 	[ImageManager] Created image: 'TaharezLook/TitlebarMiddle' (0xa019f00) of type: BasicImage
18/04/2016 22:36:56 (Std) 	[ImageManager] Created image: 'TaharezLook/TitlebarRight' (0x9ff03e0) of type: BasicImage
18/04/2016 22:36:56 (Std) 	[ImageManager] Created image: 'TaharezLook/NewTitlebarLeft' (0x9ffaf10) of type: BasicImage
18/04/2016 22:36:56 (Std) 	[ImageManager] Created image: 'TaharezLook/NewTitlebarMiddle' (0x9ffb120) of type: BasicImage
18/04/2016 22:36:56 (Std) 	[ImageManager] Created image: 'TaharezLook/NewTitlebarRight' (0x9ffb330) of type: BasicImage
18/04/2016 22:36:56 (Std) 	[ImageManager] Created image: 'TaharezLook/SysAreaMiddle' (0x9ffb540) of type: BasicImage
18/04/2016 22:36:56 (Std) 	[ImageManager] Created image: 'TaharezLook/SysAreaRight' (0x9ffb750) of type: BasicImage
18/04/2016 22:36:56 (Std) 	[ImageManager] Created image: 'TaharezLook/StaticLeft' (0x9ffb960) of type: BasicImage
18/04/2016 22:36:56 (Std) 	[ImageManager] Created image: 'TaharezLook/StaticRight' (0x9ffbb70) of type: BasicImage
18/04/2016 22:36:56 (Std) 	[ImageManager] Created image: 'TaharezLook/StaticTop' (0x9ffbd80) of type: BasicImage
18/04/2016 22:36:56 (Std) 	[ImageManager] Created image: 'TaharezLook/StaticBottom' (0x9ffbf90) of type: BasicImage
18/04/2016 22:36:56 (Std) 	[ImageManager] Created image: 'TaharezLook/StaticTopLeft' (0x9ffc1a0) of type: BasicImage
18/04/2016 22:36:56 (Std) 	[ImageManager] Created image: 'TaharezLook/StaticTopRight' (0x9ffc3b0) of type: BasicImage
18/04/2016 22:36:56 (Std) 	[ImageManager] Created image: 'TaharezLook/StaticBottomLeft' (0x9ffc5c0) of type: BasicImage
18/04/2016 22:36:56 (Std) 	[ImageManager] Created image: 'TaharezLook/StaticBottomRight' (0x9ffc7d0) of type: BasicImage
18/04/2016 22:36:56 (Std) 	[ImageManager] Created image: 'TaharezLook/StaticBackdrop' (0x9ffc9e0) of type: BasicImage
18/04/2016 22:36:56 (Std) 	[ImageManager] Created image: 'TaharezLook/ProgressBarLeft' (0x9ffcbf0) of type: BasicImage
18/04/2016 22:36:56 (Std) 	[ImageManager] Created image: 'TaharezLook/ProgressBarMiddle' (0x9ffce00) of type: BasicImage
18/04/2016 22:36:56 (Std) 	[ImageManager] Created image: 'TaharezLook/ProgressBarRight' (0x9ffd010) of type: BasicImage
18/04/2016 22:36:56 (Std) 	[ImageManager] Created image: 'TaharezLook/ProgressBarDimSegment' (0x9ffd220) of type: BasicImage
18/04/2016 22:36:56 (Std) 	[ImageManager] Created image: 'TaharezLook/ProgressBarLitSegment' (0x9ffd550) of type: BasicImage
18/04/2016 22:36:56 (Std) 	[ImageManager] Created image: 'TaharezLook/EditBoxLeft' (0x9ffd880) of type: BasicImage
18/04/2016 22:36:56 (Std) 	[ImageManager] Created image: 'TaharezLook/EditBoxMiddle' (0x9ffda90) of type: BasicImage
18/04/2016 22:36:56 (Std) 	[ImageManager] Created image: 'TaharezLook/EditBoxRight' (0x9ffdca0) of type: BasicImage
18/04/2016 22:36:56 (Std) 	[ImageManager] Created image: 'TaharezLook/EditBoxCaret' (0x9ffdeb0) of type: BasicImage
18/04/2016 22:36:56 (Std) 	[ImageManager] Created image: 'TaharezLook/SpinnerUpNormal' (0x9ffe0c0) of type: BasicImage
18/04/2016 22:36:56 (Std) 	[ImageManager] Created image: 'TaharezLook/SpinnerDownNormal' (0x9ffe2d0) of type: BasicImage
18/04/2016 22:36:56 (Std) 	[ImageManager] Created image: 'TaharezLook/SpinnerUpHover' (0x9ffe4e0) of type: BasicImage
18/04/2016 22:36:56 (Std) 	[ImageManager] Created image: 'TaharezLook/SpinnerDownHover' (0x9ffe6f0) of type: BasicImage
18/04/2016 22:36:56 (Std) 	[ImageManager] Created image: 'TaharezLook/TextSelectionBrush' (0x9ffe900) of type: BasicImage
18/04/2016 22:36:56 (Std) 	[ImageManager] Created image: 'TaharezLook/VertScrollTop' (0x9ffeb10) of type: BasicImage
18/04/2016 22:36:56 (Std) 	[ImageManager] Created image: 'TaharezLook/VertScrollMiddle' (0x9ffed20) of type: BasicImage
18/04/2016 22:36:56 (Std) 	[ImageManager] Created image: 'TaharezLook/VertScrollBottom' (0x9ffef30) of type: BasicImage
18/04/2016 22:36:56 (Std) 	[ImageManager] Created image: 'TaharezLook/VertScrollBarSegment' (0x9fff140) of type: BasicImage
18/04/2016 22:36:56 (Std) 	[ImageManager] Created image: 'TaharezLook/VertScrollThumbNormal' (0x9fff470) of type: BasicImage
18/04/2016 22:36:56 (Std) 	[ImageManager] Created image: 'TaharezLook/VertScrollThumbHover' (0x9fff7a0) of type: BasicImage
18/04/2016 22:36:56 (Std) 	[ImageManager] Created image: 'TaharezLook/VertScrollUpNormal' (0x9fffad0) of type: BasicImage
18/04/2016 22:36:56 (Std) 	[ImageManager] Created image: 'TaharezLook/VertScrollDownNormal' (0x9fffce0) of type: BasicImage
18/04/2016 22:36:56 (Std) 	[ImageManager] Created image: 'TaharezLook/VertScrollUpHover' (0xa000010) of type: BasicImage
18/04/2016 22:36:56 (Std) 	[ImageManager] Created image: 'TaharezLook/VertScrollDownHover' (0x9fed110) of type: BasicImage
18/04/2016 22:36:56 (Std) 	[ImageManager] Created image: 'TaharezLook/MiniVertScrollBarSegment' (0xa00e2f0) of type: BasicImage
18/04/2016 22:36:56 (Std) 	[ImageManager] Created image: 'TaharezLook/MiniVertScrollThumbNormal' (0xa01ad90) of type: BasicImage
18/04/2016 22:36:56 (Std) 	[ImageManager] Created image: 'TaharezLook/MiniVertScrollThumbTopNormal' (0xa00e6e0) of type: BasicImage
18/04/2016 22:36:56 (Std) 	[ImageManager] Created image: 'TaharezLook/MiniVertScrollThumbMiddleNormal' (0xa00ee20) of type: BasicImage
18/04/2016 22:36:56 (Std) 	[ImageManager] Created image: 'TaharezLook/MiniVertScrollThumbBottomNormal' (0xa0003b0) of type: BasicImage
18/04/2016 22:36:56 (Std) 	[ImageManager] Created image: 'TaharezLook/MiniVertScrollThumbTopHover' (0xa00f4e0) of type: BasicImage
18/04/2016 22:36:56 (Std) 	[ImageManager] Created image: 'TaharezLook/MiniVertScrollThumbMiddleHover' (0xa00f850) of type: BasicImage
18/04/2016 22:36:56 (Std) 	[ImageManager] Created image: 'TaharezLook/MiniVertScrollThumbBottomHover' (0xa00fbe0) of type: BasicImage
18/04/2016 22:36:56 (Std) 	[ImageManager] Created image: 'TaharezLook/MiniVertScrollThumbHover' (0xa00ff70) of type: BasicImage
18/04/2016 22:36:56 (Std) 	[ImageManager] Created image: 'TaharezLook/MiniVertScrollUpNormal' (0xa010360) of type: BasicImage
18/04/2016 22:36:56 (Std) 	[ImageManager] Created image: 'TaharezLook/MiniVertScrollDownNormal' (0xa0106b0) of type: BasicImage
18/04/2016 22:36:56 (Std) 	[ImageManager] Created image: 'TaharezLook/MiniVertScrollUpHover' (0xa010a00) of type: BasicImage
18/04/2016 22:36:56 (Std) 	[ImageManager] Created image: 'TaharezLook/MiniVertScrollDownHover' (0xa010d30) of type: BasicImage
18/04/2016 22:36:56 (Std) 	[ImageManager] Created image: 'TaharezLook/VertSliderBody' (0xa011080) of type: BasicImage
18/04/2016 22:36:56 (Std) 	[ImageManager] Created image: 'TaharezLook/VertSliderThumbNormal' (0xa011290) of type: BasicImage
18/04/2016 22:36:56 (Std) 	[ImageManager] Created image: 'TaharezLook/VertSliderThumbHover' (0xa0115c0) of type: BasicImage
18/04/2016 22:36:56 (Std) 	[ImageManager] Created image: 'TaharezLook/MiniHorzScrollBarSegment' (0xa0118f0) of type: BasicImage
18/04/2016 22:36:56 (Std) 	[ImageManager] Created image: 'TaharezLook/MiniHorzScrollThumbNormal' (0xa011c40) of type: BasicImage
18/04/2016 22:36:56 (Std) 	[ImageManager] Created image: 'TaharezLook/MiniHorzScrollThumbLeftNormal' (0xa011f90) of type: BasicImage
18/04/2016 22:36:56 (Std) 	[ImageManager] Created image: 'TaharezLook/MiniHorzScrollThumbMiddleNormal' (0xa012300) of type: BasicImage
18/04/2016 22:36:56 (Std) 	[ImageManager] Created image: 'TaharezLook/MiniHorzScrollThumbRightNormal' (0xa012690) of type: BasicImage
18/04/2016 22:36:56 (Std) 	[ImageManager] Created image: 'TaharezLook/MiniHorzScrollThumbHover' (0xa012a20) of type: BasicImage
18/04/2016 22:36:56 (Std) 	[ImageManager] Created image: 'TaharezLook/MiniHorzScrollThumbLeftHover' (0xa012d70) of type: BasicImage
18/04/2016 22:36:56 (Std) 	[ImageManager] Created image: 'TaharezLook/MiniHorzScrollThumbMiddleHover' (0xa0130e0) of type: BasicImage
18/04/2016 22:36:56 (Std) 	[ImageManager] Created image: 'TaharezLook/MiniHorzScrollThumbRightHover' (0xa013470) of type: BasicImage
18/04/2016 22:36:56 (Std) 	[ImageManager] Created image: 'TaharezLook/MiniHorzScrollLeftNormal' (0xa0137e0) of type: BasicImage
18/04/2016 22:36:56 (Std) 	[ImageManager] Created image: 'TaharezLook/MiniHorzScrollRightNormal' (0xa013b30) of type: BasicImage
18/04/2016 22:36:56 (Std) 	[ImageManager] Created image: 'TaharezLook/MiniHorzScrollLeftHover' (0xa019d70) of type: BasicImage
18/04/2016 22:36:56 (Std) 	[ImageManager] Created image: 'TaharezLook/MiniHorzScrollRightHover' (0x9f330e0) of type: BasicImage
18/04/2016 22:36:56 (Std) 	[ImageManager] Created image: 'TaharezLook/ListboxLeft' (0x9f334d0) of type: BasicImage
18/04/2016 22:36:56 (Std) 	[ImageManager] Created image: 'TaharezLook/ListboxRight' (0x9f336e0) of type: BasicImage
18/04/2016 22:36:56 (Std) 	[ImageManager] Created image: 'TaharezLook/ListboxTop' (0x9f338f0) of type: BasicImage
18/04/2016 22:36:56 (Std) 	[ImageManager] Created image: 'TaharezLook/ListboxBottom' (0x9f33b00) of type: BasicImage
18/04/2016 22:36:56 (Std) 	[ImageManager] Created image: 'TaharezLook/ListboxTopLeft' (0x9f33d10) of type: BasicImage
18/04/2016 22:36:56 (Std) 	[ImageManager] Created image: 'TaharezLook/ListboxTopRight' (0x9f33f20) of type: BasicImage
18/04/2016 22:36:56 (Std) 	[ImageManager] Created image: 'TaharezLook/ListboxBottomLeft' (0x9f34130) of type: BasicImage
18/04/2016 22:36:56 (Std) 	[ImageManager] Created image: 'TaharezLook/ListboxBottomRight' (0x9f34340) of type: BasicImage
18/04/2016 22:36:56 (Std) 	[ImageManager] Created image: 'TaharezLook/ListboxBackdrop' (0x9f34550) of type: BasicImage
18/04/2016 22:36:56 (Std) 	[ImageManager] Created image: 'TaharezLook/ListboxSelectionBrush' (0x9f34760) of type: BasicImage
18/04/2016 22:36:56 (Std) 	[ImageManager] Created image: 'TaharezLook/ComboboxEditLeft' (0x9f34a90) of type: BasicImage
18/04/2016 22:36:56 (Std) 	[ImageManager] Created image: 'TaharezLook/ComboboxEditMiddle' (0x9f34ca0) of type: BasicImage
18/04/2016 22:36:56 (Std) 	[ImageManager] Created image: 'TaharezLook/ComboboxListButtonNormal' (0x9f34eb0) of type: BasicImage
18/04/2016 22:36:56 (Std) 	[ImageManager] Created image: 'TaharezLook/ComboboxListButtonHover' (0x9f35200) of type: BasicImage
18/04/2016 22:36:56 (Std) 	[ImageManager] Created image: 'TaharezLook/ComboboxListLeft' (0x9f35550) of type: BasicImage
18/04/2016 22:36:56 (Std) 	[ImageManager] Created image: 'TaharezLook/ComboboxListRight' (0x9f35760) of type: BasicImage
18/04/2016 22:36:56 (Std) 	[ImageManager] Created image: 'TaharezLook/ComboboxListTop' (0x9f35970) of type: BasicImage
18/04/2016 22:36:56 (Std) 	[ImageManager] Created image: 'TaharezLook/ComboboxListBottom' (0x9f35b80) of type: BasicImage
18/04/2016 22:36:56 (Std) 	[ImageManager] Created image: 'TaharezLook/ComboboxListTopLeft' (0x9f35d90) of type: BasicImage
18/04/2016 22:36:56 (Std) 	[ImageManager] Created image: 'TaharezLook/ComboboxListTopRight' (0x9f35fa0) of type: BasicImage
18/04/2016 22:36:56 (Std) 	[ImageManager] Created image: 'TaharezLook/ComboboxListBottomLeft' (0x9f362d0) of type: BasicImage
18/04/2016 22:36:56 (Std) 	[ImageManager] Created image: 'TaharezLook/ComboboxListBottomRight' (0x9f36620) of type: BasicImage
18/04/2016 22:36:56 (Std) 	[ImageManager] Created image: 'TaharezLook/ComboboxListBackdrop' (0x9f36970) of type: BasicImage
18/04/2016 22:36:56 (Std) 	[ImageManager] Created image: 'TaharezLook/ComboboxSelectionBrush' (0x9f36ca0) of type: BasicImage
18/04/2016 22:36:56 (Std) 	[ImageManager] Created image: 'TaharezLook/ComboboxDividerLeft' (0x9f36ff0) of type: BasicImage
18/04/2016 22:36:56 (Std) 	[ImageManager] Created image: 'TaharezLook/ComboboxDividerMiddle' (0x9f37200) of type: BasicImage
18/04/2016 22:36:56 (Std) 	[ImageManager] Created image: 'TaharezLook/ComboboxDividerRight' (0x9f37530) of type: BasicImage
18/04/2016 22:36:56 (Std) 	[ImageManager] Created image: 'TaharezLook/HeaderBarBackdropNormal' (0x9f37860) of type: BasicImage
18/04/2016 22:36:56 (Std) 	[ImageManager] Created image: 'TaharezLook/HeaderBarBackdropHover' (0x9f37bb0) of type: BasicImage
18/04/2016 22:36:56 (Std) 	[ImageManager] Created image: 'TaharezLook/HeaderBarSplitterNormal' (0x9f37f00) of type: BasicImage
18/04/2016 22:36:56 (Std) 	[ImageManager] Created image: 'TaharezLook/HeaderBarSplitterHover' (0x9f38250) of type: BasicImage
18/04/2016 22:36:56 (Std) 	[ImageManager] Created image: 'TaharezLook/HeaderBarSortUp' (0x9f385a0) of type: BasicImage
18/04/2016 22:36:56 (Std) 	[ImageManager] Created image: 'TaharezLook/HeaderBarSortDown' (0x9f387b0) of type: BasicImage
18/04/2016 22:36:56 (Std) 	[ImageManager] Created image: 'TaharezLook/MultiListLeft' (0x9f389c0) of type: BasicImage
18/04/2016 22:36:56 (Std) 	[ImageManager] Created image: 'TaharezLook/MultiListRight' (0x9f38bd0) of type: BasicImage
18/04/2016 22:36:56 (Std) 	[ImageManager] Created image: 'TaharezLook/MultiListTop' (0x9f38de0) of type: BasicImage
18/04/2016 22:36:56 (Std) 	[ImageManager] Created image: 'TaharezLook/MultiListBottom' (0x9f38ff0) of type: BasicImage
18/04/2016 22:36:56 (Std) 	[ImageManager] Created image: 'TaharezLook/MultiListTopLeft' (0x9f39200) of type: BasicImage
18/04/2016 22:36:56 (Std) 	[ImageManager] Created image: 'TaharezLook/MultiListTopRight' (0x9f39410) of type: BasicImage
18/04/2016 22:36:56 (Std) 	[ImageManager] Created image: 'TaharezLook/MultiListBottomLeft' (0x9f39620) of type: BasicImage
18/04/2016 22:36:56 (Std) 	[ImageManager] Created image: 'TaharezLook/MultiListBottomRight' (0x9f39830) of type: BasicImage
18/04/2016 22:36:56 (Std) 	[ImageManager] Created image: 'TaharezLook/MultiListBackdrop' (0x9f39b60) of type: BasicImage
18/04/2016 22:36:56 (Std) 	[ImageManager] Created image: 'TaharezLook/MultiListSelectionBrush' (0x9f39d70) of type: BasicImage
18/04/2016 22:36:56 (Std) 	[ImageManager] Created image: 'TaharezLook/AltProgressLeft' (0x9f3a0c0) of type: BasicImage
18/04/2016 22:36:56 (Std) 	[ImageManager] Created image: 'TaharezLook/AltProgressMiddle' (0x9f3a2d0) of type: BasicImage
18/04/2016 22:36:56 (Std) 	[ImageManager] Created image: 'TaharezLook/AltProgressRight' (0x9f3a4e0) of type: BasicImage
18/04/2016 22:36:56 (Std) 	[ImageManager] Created image: 'TaharezLook/AltProgressQuarter' (0x9f3a6f0) of type: BasicImage
18/04/2016 22:36:56 (Std) 	[ImageManager] Created image: 'TaharezLook/AltProgressHalf' (0x9f3a900) of type: BasicImage
18/04/2016 22:36:56 (Std) 	[ImageManager] Created image: 'TaharezLook/AltProgressLight1' (0x9f3ab10) of type: BasicImage
18/04/2016 22:36:56 (Std) 	[ImageManager] Created image: 'TaharezLook/AltProgressLight2' (0x9f3ad20) of type: BasicImage
18/04/2016 22:36:56 (Std) 	[ImageManager] Created image: 'TaharezLook/AltProgressLight3' (0x9f3af30) of type: BasicImage
18/04/2016 22:36:56 (Std) 	[ImageManager] Created image: 'TaharezLook/AltProgressLight4' (0x9f3b140) of type: BasicImage
18/04/2016 22:36:56 (Std) 	[ImageManager] Created image: 'TaharezLook/AltProgressLight5' (0x9f3b350) of type: BasicImage
18/04/2016 22:36:56 (Std) 	[ImageManager] Created image: 'TaharezLook/AltProgressLight6' (0x9f3b560) of type: BasicImage
18/04/2016 22:36:56 (Std) 	[ImageManager] Created image: 'TaharezLook/AltProgressLight7' (0x9f3b770) of type: BasicImage
18/04/2016 22:36:56 (Std) 	[ImageManager] Created image: 'TaharezLook/AltProgressLight8' (0x9f3b980) of type: BasicImage
18/04/2016 22:36:56 (Std) 	[ImageManager] Created image: 'TaharezLook/AltProgressLight9' (0x9f3bb90) of type: BasicImage
18/04/2016 22:36:56 (Std) 	[ImageManager] Created image: 'TaharezLook/AltProgressLight10' (0x9f3bda0) of type: BasicImage
18/04/2016 22:36:56 (Std) 	[ImageManager] Created image: 'TaharezLook/CloseButtonNormal' (0x9f3bfb0) of type: BasicImage
18/04/2016 22:36:56 (Std) 	[ImageManager] Created image: 'TaharezLook/CloseButtonHover' (0x9f3c1c0) of type: BasicImage
18/04/2016 22:36:56 (Std) 	[ImageManager] Created image: 'TaharezLook/CloseButtonPressed' (0x9f3c3d0) of type: BasicImage
18/04/2016 22:36:56 (Std) 	[ImageManager] Created image: 'TaharezLook/NewCloseButtonNormal' (0x9f3c5e0) of type: BasicImage
18/04/2016 22:36:56 (Std) 	[ImageManager] Created image: 'TaharezLook/NewCloseButtonHover' (0x9f3c910) of type: BasicImage
18/04/2016 22:36:56 (Std) 	[ImageManager] Created image: 'TaharezLook/NewCloseButtonPressed' (0x9f3cb20) of type: BasicImage
18/04/2016 22:36:56 (Std) 	[ImageManager] Created image: 'TaharezLook/MultiLineEditboxLeft' (0x9f3ce50) of type: BasicImage
18/04/2016 22:36:56 (Std) 	[ImageManager] Created image: 'TaharezLook/MultiLineEditboxRight' (0x9f3d180) of type: BasicImage
18/04/2016 22:36:56 (Std) 	[ImageManager] Created image: 'TaharezLook/MultiLineEditboxTop' (0x9f3d4b0) of type: BasicImage
18/04/2016 22:36:56 (Std) 	[ImageManager] Created image: 'TaharezLook/MultiLineEditboxBottom' (0x9f3d6c0) of type: BasicImage
18/04/2016 22:36:56 (Std) 	[ImageManager] Created image: 'TaharezLook/MultiLineEditboxTopLeft' (0x9f3da10) of type: BasicImage
18/04/2016 22:36:56 (Std) 	[ImageManager] Created image: 'TaharezLook/MultiLineEditboxTopRight' (0x9f3dd60) of type: BasicImage
18/04/2016 22:36:56 (Std) 	[ImageManager] Created image: 'TaharezLook/MultiLineEditboxBottomLeft' (0x9f3e0b0) of type: BasicImage
18/04/2016 22:36:56 (Std) 	[ImageManager] Created image: 'TaharezLook/MultiLineEditboxBottomRight' (0x9f3e4d0) of type: BasicImage
18/04/2016 22:36:56 (Std) 	[ImageManager] Created image: 'TaharezLook/MultiLineEditboxBackdrop' (0x9f3e840) of type: BasicImage
18/04/2016 22:36:56 (Std) 	[ImageManager] Created image: 'TaharezLook/MultiLineEditboxSelectionBrush' (0x9f3eb90) of type: BasicImage
18/04/2016 22:36:56 (Std) 	[ImageManager] Created image: 'TaharezLook/MouseTarget' (0x9f3f560) of type: BasicImage
18/04/2016 22:36:56 (Std) 	[ImageManager] Created image: 'TaharezLook/MouseArrow' (0x9f3ef20) of type: BasicImage
18/04/2016 22:36:56 (Std) 	[ImageManager] Created image: 'TaharezLook/MouseMoveCursor' (0x9f3fa90) of type: BasicImage
18/04/2016 22:36:56 (Std) 	[ImageManager] Created image: 'TaharezLook/MouseNoSoCursor' (0x9f3fca0) of type: BasicImage
18/04/2016 22:36:56 (Std) 	[ImageManager] Created image: 'TaharezLook/MouseEsWeCursor' (0x9f3feb0) of type: BasicImage
18/04/2016 22:36:56 (Std) 	[ImageManager] Created image: 'TaharezLook/MouseNeSwCursor' (0x9f400c0) of type: BasicImage
18/04/2016 22:36:56 (Std) 	[ImageManager] Created image: 'TaharezLook/MouseNwSeCursor' (0x9f402d0) of type: BasicImage
18/04/2016 22:36:56 (Std) 	[ImageManager] Created image: 'TaharezLook/MouseTextBar' (0x9f404e0) of type: BasicImage
18/04/2016 22:36:56 (Std) 	[ImageManager] Created image: 'TaharezLook/TabHorizontalFiller' (0x9f3f770) of type: BasicImage
18/04/2016 22:36:56 (Std) 	[ImageManager] Created image: 'TaharezLook/TabContentPaneUpperLeft' (0x9f3f130) of type: BasicImage
18/04/2016 22:36:56 (Std) 	[ImageManager] Created image: 'TaharezLook/TabContentPaneUpper' (0x9f406f0) of type: BasicImage
18/04/2016 22:36:56 (Std) 	[ImageManager] Created image: 'TaharezLook/TabContentPaneUpperRight' (0x9f40900) of type: BasicImage
18/04/2016 22:36:56 (Std) 	[ImageManager] Created image: 'TaharezLook/TabContentPaneLeft' (0x9f40c50) of type: BasicImage
18/04/2016 22:36:56 (Std) 	[ImageManager] Created image: 'TaharezLook/TabContentPaneRight' (0x9f40e60) of type: BasicImage
18/04/2016 22:36:56 (Std) 	[ImageManager] Created image: 'TaharezLook/TabContentPaneLower' (0x9f41070) of type: BasicImage
18/04/2016 22:36:56 (Std) 	[ImageManager] Created image: 'TaharezLook/TabContentPaneLowerLeft' (0x9f41280) of type: BasicImage
18/04/2016 22:36:56 (Std) 	[ImageManager] Created image: 'TaharezLook/TabContentPaneLowerRight' (0x9f415d0) of type: BasicImage
18/04/2016 22:36:56 (Std) 	[ImageManager] Created image: 'TaharezLook/TabContentPaneMiddle' (0x9f41920) of type: BasicImage
18/04/2016 22:36:56 (Std) 	[ImageManager] Created image: 'TaharezLook/TabButtonScrollLeftNormal' (0x9f41c50) of type: BasicImage
18/04/2016 22:36:56 (Std) 	[ImageManager] Created image: 'TaharezLook/TabButtonScrollRightNormal' (0x9f41fa0) of type: BasicImage
18/04/2016 22:36:56 (Std) 	[ImageManager] Created image: 'TaharezLook/TabButtonScrollLeftHover' (0x9f42310) of type: BasicImage
18/04/2016 22:36:56 (Std) 	[ImageManager] Created image: 'TaharezLook/TabButtonScrollRightHover' (0x9f42660) of type: BasicImage
18/04/2016 22:36:56 (Std) 	[ImageManager] Created image: 'TaharezLook/TabButtonLeftNormal' (0x9f429b0) of type: BasicImage
18/04/2016 22:36:56 (Std) 	[ImageManager] Created image: 'TaharezLook/TabButtonRightNormal' (0x9f42bc0) of type: BasicImage
18/04/2016 22:36:56 (Std) 	[ImageManager] Created image: 'TaharezLook/TabButtonUpperNormal' (0x9f42ef0) of type: BasicImage
18/04/2016 22:36:56 (Std) 	[ImageManager] Created image: 'TaharezLook/TabButtonLowerNormal' (0x9f43220) of type: BasicImage
18/04/2016 22:36:56 (Std) 	[ImageManager] Created image: 'TaharezLook/TabButtonUpperLeftNormal' (0x9f43550) of type: BasicImage
18/04/2016 22:36:56 (Std) 	[ImageManager] Created image: 'TaharezLook/TabButtonUpperLeft2Normal' (0x9f438a0) of type: BasicImage
18/04/2016 22:36:56 (Std) 	[ImageManager] Created image: 'TaharezLook/TabButtonUpperRightNormal' (0x9f43bf0) of type: BasicImage
18/04/2016 22:36:56 (Std) 	[ImageManager] Created image: 'TaharezLook/TabButtonLowerLeftNormal' (0x9f43f40) of type: BasicImage
18/04/2016 22:36:56 (Std) 	[ImageManager] Created image: 'TaharezLook/TabButtonLowerRightNormal' (0x9f44290) of type: BasicImage
18/04/2016 22:36:56 (Std) 	[ImageManager] Created image: 'TaharezLook/TabButtonLowerRight2Normal' (0x9f445e0) of type: BasicImage
18/04/2016 22:36:56 (Std) 	[ImageManager] Created image: 'TaharezLook/TabButtonMiddleNormal' (0x9f44950) of type: BasicImage
18/04/2016 22:36:56 (Std) 	[ImageManager] Created image: 'TaharezLook/TabButtonLeftSelected' (0x9f44c80) of type: BasicImage
18/04/2016 22:36:56 (Std) 	[ImageManager] Created image: 'TaharezLook/TabButtonRightSelected' (0x9f44fb0) of type: BasicImage
18/04/2016 22:36:56 (Std) 	[ImageManager] Created image: 'TaharezLook/TabButtonUpperSelected' (0x9f45300) of type: BasicImage
18/04/2016 22:36:56 (Std) 	[ImageManager] Created image: 'TaharezLook/TabButtonLowerSelected' (0x9f45650) of type: BasicImage
18/04/2016 22:36:56 (Std) 	[ImageManager] Created image: 'TaharezLook/TabButtonUpperLeftSelected' (0x9f459a0) of type: BasicImage
18/04/2016 22:36:56 (Std) 	[ImageManager] Created image: 'TaharezLook/TabButtonUpperRightSelected' (0x9f45d10) of type: BasicImage
18/04/2016 22:36:56 (Std) 	[ImageManager] Created image: 'TaharezLook/TabButtonLowerLeftSelected' (0x9f46080) of type: BasicImage
18/04/2016 22:36:56 (Std) 	[ImageManager] Created image: 'TaharezLook/TabButtonLowerRightSelected' (0x9f463f0) of type: BasicImage
18/04/2016 22:36:56 (Std) 	[ImageManager] Created image: 'TaharezLook/TabButtonMiddleSelected' (0x9f46760) of type: BasicImage
18/04/2016 22:36:56 (Std) 	[ImageManager] Created image: 'TaharezLook/TooltipTopLeft' (0x9f46ab0) of type: BasicImage
18/04/2016 22:36:56 (Std) 	[ImageManager] Created image: 'TaharezLook/TooltipTopRight' (0x9f46cc0) of type: BasicImage
18/04/2016 22:36:56 (Std) 	[ImageManager] Created image: 'TaharezLook/TooltipBottomLeft' (0x9f46ed0) of type: BasicImage
18/04/2016 22:36:56 (Std) 	[ImageManager] Created image: 'TaharezLook/TooltipBottomRight' (0x9f470e0) of type: BasicImage
18/04/2016 22:36:56 (Std) 	[ImageManager] Created image: 'TaharezLook/TooltipLeftEdge' (0x9f472f0) of type: BasicImage
18/04/2016 22:36:56 (Std) 	[ImageManager] Created image: 'TaharezLook/TooltipRightEdge' (0x9f47500) of type: BasicImage
18/04/2016 22:36:56 (Std) 	[ImageManager] Created image: 'TaharezLook/TooltipTopEdge' (0x9f47710) of type: BasicImage
18/04/2016 22:36:56 (Std) 	[ImageManager] Created image: 'TaharezLook/TooltipBottomEdge' (0x9f47920) of type: BasicImage
18/04/2016 22:36:56 (Std) 	[ImageManager] Created image: 'TaharezLook/TooltipMiddle' (0x9f47b30) of type: BasicImage
18/04/2016 22:36:56 (Std) 	[ImageManager] Created image: 'TaharezLook/MenuTopLeft' (0x9f47d40) of type: BasicImage
18/04/2016 22:36:56 (Std) 	[ImageManager] Created image: 'TaharezLook/MenuTopRight' (0x9f47f50) of type: BasicImage
18/04/2016 22:36:56 (Std) 	[ImageManager] Created image: 'TaharezLook/MenuBottomLeft' (0x9f48160) of type: BasicImage
18/04/2016 22:36:56 (Std) 	[ImageManager] Created image: 'TaharezLook/MenuBottomRight' (0x9f48370) of type: BasicImage
18/04/2016 22:36:56 (Std) 	[ImageManager] Created image: 'TaharezLook/MenuLeft' (0x9f48580) of type: BasicImage
18/04/2016 22:36:56 (Std) 	[ImageManager] Created image: 'TaharezLook/MenuRight' (0x9f48790) of type: BasicImage
18/04/2016 22:36:56 (Std) 	[ImageManager] Created image: 'TaharezLook/MenuTop' (0x9f489a0) of type: BasicImage
18/04/2016 22:36:56 (Std) 	[ImageManager] Created image: 'TaharezLook/MenuBottom' (0x9f48bb0) of type: BasicImage
18/04/2016 22:36:56 (Std) 	[ImageManager] Created image: 'TaharezLook/MenuMiddle' (0x9f48dc0) of type: BasicImage
18/04/2016 22:36:56 (Std) 	[ImageManager] Created image: 'TaharezLook/PopupMenuFrameTopLeft' (0x9f48fd0) of type: BasicImage
18/04/2016 22:36:56 (Std) 	[ImageManager] Created image: 'TaharezLook/PopupMenuFrameTopRight' (0x9f49300) of type: BasicImage
18/04/2016 22:36:56 (Std) 	[ImageManager] Created image: 'TaharezLook/PopupMenuFrameBottomLeft' (0x9f49650) of type: BasicImage
18/04/2016 22:36:56 (Std) 	[ImageManager] Created image: 'TaharezLook/PopupMenuFrameBottomRight' (0x9f499a0) of type: BasicImage
18/04/2016 22:36:56 (Std) 	[ImageManager] Created image: 'TaharezLook/PopupMenuFrameLeft' (0x9f49cf0) of type: BasicImage
18/04/2016 22:36:56 (Std) 	[ImageManager] Created image: 'TaharezLook/PopupMenuFrameRight' (0x9f49f00) of type: BasicImage
18/04/2016 22:36:56 (Std) 	[ImageManager] Created image: 'TaharezLook/PopupMenuFrameTop' (0x9f4a110) of type: BasicImage
18/04/2016 22:36:56 (Std) 	[ImageManager] Created image: 'TaharezLook/PopupMenuFrameBottom' (0x9f4a320) of type: BasicImage
18/04/2016 22:36:56 (Std) 	[ImageManager] Created image: 'TaharezLook/PopupMenuMiddle' (0x9f4a650) of type: BasicImage
18/04/2016 22:36:56 (Std) 	[ImageManager] Created image: 'TaharezLook/PopupMenuArrowRight' (0x9f4a860) of type: BasicImage
18/04/2016 22:36:56 (Std) 	[ImageManager] Created image: 'TaharezLook/PopupMenuArrowLeft' (0x9f4aa70) of type: BasicImage
18/04/2016 22:36:56 (Std) 	[ImageManager] Created image: 'TaharezLook/TreeListClosed' (0x9f4ac80) of type: BasicImage
18/04/2016 22:36:56 (Std) 	[ImageManager] Created image: 'TaharezLook/TreeListOpened' (0x9f4ae90) of type: BasicImage
18/04/2016 22:36:56 (Std) 	---- Returning existing instance of Font named 'DejaVuSans-12'.
18/04/2016 22:36:56 (Std) 	===== Falagard 'root' element: look and feel parsing begins =====
18/04/2016 22:36:56 (Std) 	===== Look and feel parsing completed =====
18/04/2016 22:36:56 (Std) 	No window renderer factories specified for module 'CEGUICoreWindowRendererSet' - adding all available factories...
18/04/2016 22:36:56 (Std) 	Creating falagard mapping for type 'TaharezLook/Label' using base type 'DefaultWindow', window renderer 'Core/Default' Look'N'Feel 'TaharezLook/Label' and RenderEffect ''. (0x7ffdf10415e0)
18/04/2016 22:36:56 (Std) 	Creating falagard mapping for type 'TaharezLook/Button' using base type 'CEGUI/PushButton', window renderer 'Core/Button' Look'N'Feel 'TaharezLook/Button' and RenderEffect ''. (0x7ffdf10415e0)
18/04/2016 22:36:56 (Std) 	Creating falagard mapping for type 'TaharezLook/Checkbox' using base type 'CEGUI/ToggleButton', window renderer 'Core/ToggleButton' Look'N'Feel 'TaharezLook/Checkbox' and RenderEffect ''. (0x7ffdf10415e0)
18/04/2016 22:36:56 (Std) 	Creating falagard mapping for type 'TaharezLook/ImageButton' using base type 'CEGUI/PushButton', window renderer 'Core/Button' Look'N'Feel 'TaharezLook/ImageButton' and RenderEffect ''. (0x7ffdf10415e0)
18/04/2016 22:36:56 (Std) 	Creating falagard mapping for type 'TaharezLook/RadioButton' using base type 'CEGUI/RadioButton', window renderer 'Core/ToggleButton' Look'N'Feel 'TaharezLook/RadioButton' and RenderEffect ''. (0x7ffdf10415e0)
18/04/2016 22:36:56 (Std) 	Creating falagard mapping for type 'TaharezLook/FrameWindow' using base type 'CEGUI/FrameWindow', window renderer 'Core/FrameWindow' Look'N'Feel 'TaharezLook/FrameWindow' and RenderEffect ''. (0x7ffdf10415e0)
18/04/2016 22:36:56 (Std) 	Creating falagard mapping for type 'TaharezLook/Titlebar' using base type 'CEGUI/Titlebar', window renderer 'Core/Titlebar' Look'N'Feel 'TaharezLook/Titlebar' and RenderEffect ''. (0x7ffdf10415e0)
18/04/2016 22:36:56 (Std) 	Creating falagard mapping for type 'TaharezLook/Editbox' using base type 'CEGUI/Editbox', window renderer 'Core/Editbox' Look'N'Feel 'TaharezLook/Editbox' and RenderEffect ''. (0x7ffdf10415e0)
18/04/2016 22:36:56 (Std) 	Creating falagard mapping for type 'TaharezLook/MultiLineEditbox' using base type 'CEGUI/MultiLineEditbox', window renderer 'Core/MultiLineEditbox' Look'N'Feel 'TaharezLook/MultiLineEditbox' and RenderEffect ''. (0x7ffdf10415e0)
18/04/2016 22:36:56 (Std) 	Creating falagard mapping for type 'TaharezLook/Menubar' using base type 'CEGUI/Menubar', window renderer 'Core/Menubar' Look'N'Feel 'TaharezLook/Menubar' and RenderEffect ''. (0x7ffdf10415e0)
18/04/2016 22:36:56 (Std) 	Creating falagard mapping for type 'TaharezLook/PopupMenu' using base type 'CEGUI/PopupMenu', window renderer 'Core/PopupMenu' Look'N'Feel 'TaharezLook/PopupMenu' and RenderEffect ''. (0x7ffdf10415e0)
18/04/2016 22:36:56 (Std) 	Creating falagard mapping for type 'TaharezLook/MenuItem' using base type 'CEGUI/MenuItem', window renderer 'Core/MenuItem' Look'N'Feel 'TaharezLook/MenuItem' and RenderEffect ''. (0x7ffdf10415e0)
18/04/2016 22:36:56 (Std) 	Creating falagard mapping for type 'TaharezLook/AlternateProgressBar' using base type 'CEGUI/ProgressBar', window renderer 'Core/ProgressBar' Look'N'Feel 'TaharezLook/AltProgressBar' and RenderEffect ''. (0x7ffdf10415e0)
18/04/2016 22:36:56 (Std) 	Creating falagard mapping for type 'TaharezLook/ProgressBar' using base type 'CEGUI/ProgressBar', window renderer 'Core/ProgressBar' Look'N'Feel 'TaharezLook/ProgressBar' and RenderEffect ''. (0x7ffdf10415e0)
18/04/2016 22:36:56 (Std) 	Creating falagard mapping for type 'TaharezLook/VUMeter' using base type 'CEGUI/ProgressBar', window renderer 'Core/ProgressBar' Look'N'Feel 'TaharezLook/VUMeter' and RenderEffect ''. (0x7ffdf10415e0)
18/04/2016 22:36:56 (Std) 	Creating falagard mapping for type 'TaharezLook/VerticalScrollbar' using base type 'CEGUI/Scrollbar', window renderer 'Core/Scrollbar' Look'N'Feel 'TaharezLook/VerticalScrollbar' and RenderEffect ''. (0x7ffdf10415e0)
18/04/2016 22:36:56 (Std) 	Creating falagard mapping for type 'TaharezLook/HorizontalScrollbar' using base type 'CEGUI/Scrollbar', window renderer 'Core/Scrollbar' Look'N'Feel 'TaharezLook/HorizontalScrollbar' and RenderEffect ''. (0x7ffdf10415e0)
18/04/2016 22:36:56 (Std) 	Creating falagard mapping for type 'TaharezLook/VerticalScrollbarThumb' using base type 'CEGUI/Thumb', window renderer 'Core/Button' Look'N'Feel 'TaharezLook/VerticalScrollbarThumb' and RenderEffect ''. (0x7ffdf10415e0)
18/04/2016 22:36:56 (Std) 	Creating falagard mapping for type 'TaharezLook/HorizontalScrollbarThumb' using base type 'CEGUI/Thumb', window renderer 'Core/Button' Look'N'Feel 'TaharezLook/HorizontalScrollbarThumb' and RenderEffect ''. (0x7ffdf10415e0)
18/04/2016 22:36:56 (Std) 	Creating falagard mapping for type 'TaharezLook/LargeVerticalScrollbar' using base type 'CEGUI/Scrollbar', window renderer 'Core/Scrollbar' Look'N'Feel 'TaharezLook/LargeVerticalScrollbar' and RenderEffect ''. (0x7ffdf10415e0)
18/04/2016 22:36:56 (Std) 	Creating falagard mapping for type 'TaharezLook/LargeVerticalScrollbarThumb' using base type 'CEGUI/Thumb', window renderer 'Core/Button' Look'N'Feel 'TaharezLook/LargeVerticalScrollbarThumb' and RenderEffect ''. (0x7ffdf10415e0)
18/04/2016 22:36:56 (Std) 	Creating falagard mapping for type 'TaharezLook/TabButton' using base type 'CEGUI/TabButton', window renderer 'Core/TabButton' Look'N'Feel 'TaharezLook/TabButton' and RenderEffect ''. (0x7ffdf10415e0)
18/04/2016 22:36:56 (Std) 	Creating falagard mapping for type 'TaharezLook/TabControl' using base type 'CEGUI/TabControl', window renderer 'Core/TabControl' Look'N'Feel 'TaharezLook/TabControl' and RenderEffect ''. (0x7ffdf10415e0)
18/04/2016 22:36:56 (Std) 	Creating falagard mapping for type 'TaharezLook/TabContentPane' using base type 'DefaultWindow', window renderer 'Core/Default' Look'N'Feel 'TaharezLook/TabContentPane' and RenderEffect ''. (0x7ffdf10415e0)
18/04/2016 22:36:56 (Std) 	Creating falagard mapping for type 'TaharezLook/TabButtonPane' using base type 'DefaultWindow', window renderer 'Core/Default' Look'N'Feel 'TaharezLook/TabButtonPane' and RenderEffect ''. (0x7ffdf10415e0)
18/04/2016 22:36:56 (Std) 	Creating falagard mapping for type 'TaharezLook/ComboDropList' using base type 'CEGUI/ComboDropList', window renderer 'Core/Listbox' Look'N'Feel 'TaharezLook/ComboDropList' and RenderEffect ''. (0x7ffdf10415e0)
18/04/2016 22:36:56 (Std) 	Creating falagard mapping for type 'TaharezLook/ComboEditbox' using base type 'CEGUI/Editbox', window renderer 'Core/Editbox' Look'N'Feel 'TaharezLook/ComboEditbox' and RenderEffect ''. (0x7ffdf10415e0)
18/04/2016 22:36:56 (Std) 	Creating falagard mapping for type 'TaharezLook/Combobox' using base type 'CEGUI/Combobox', window renderer 'Core/Default' Look'N'Feel 'TaharezLook/Combobox' and RenderEffect ''. (0x7ffdf10415e0)
18/04/2016 22:36:56 (Std) 	Creating falagard mapping for type 'TaharezLook/Listbox' using base type 'CEGUI/Listbox', window renderer 'Core/Listbox' Look'N'Feel 'TaharezLook/Listbox' and RenderEffect ''. (0x7ffdf10415e0)
18/04/2016 22:36:56 (Std) 	Creating falagard mapping for type 'TaharezLook/ListHeader' using base type 'CEGUI/ListHeader', window renderer 'Core/ListHeader' Look'N'Feel 'TaharezLook/ListHeader' and RenderEffect ''. (0x7ffdf10415e0)
18/04/2016 22:36:56 (Std) 	Creating falagard mapping for type 'TaharezLook/ListHeaderSegment' using base type 'CEGUI/ListHeaderSegment', window renderer 'Core/ListHeaderSegment' Look'N'Feel 'TaharezLook/ListHeaderSegment' and RenderEffect ''. (0x7ffdf10415e0)
18/04/2016 22:36:56 (Std) 	Creating falagard mapping for type 'TaharezLook/MultiColumnList' using base type 'CEGUI/MultiColumnList', window renderer 'Core/MultiColumnList' Look'N'Feel 'TaharezLook/MultiColumnList' and RenderEffect ''. (0x7ffdf10415e0)
18/04/2016 22:36:56 (Std) 	Creating falagard mapping for type 'TaharezLook/Slider' using base type 'CEGUI/Slider', window renderer 'Core/Slider' Look'N'Feel 'TaharezLook/Slider' and RenderEffect ''. (0x7ffdf10415e0)
18/04/2016 22:36:56 (Std) 	Creating falagard mapping for type 'TaharezLook/SliderThumb' using base type 'CEGUI/Thumb', window renderer 'Core/Button' Look'N'Feel 'TaharezLook/SliderThumb' and RenderEffect ''. (0x7ffdf10415e0)
18/04/2016 22:36:56 (Std) 	Creating falagard mapping for type 'TaharezLook/ScrollablePane' using base type 'CEGUI/ScrollablePane', window renderer 'Core/ScrollablePane' Look'N'Feel 'TaharezLook/ScrollablePane' and RenderEffect ''. (0x7ffdf10415e0)
18/04/2016 22:36:56 (Std) 	Creating falagard mapping for type 'TaharezLook/Spinner' using base type 'CEGUI/Spinner', window renderer 'Core/Default' Look'N'Feel 'TaharezLook/Spinner' and RenderEffect ''. (0x7ffdf10415e0)
18/04/2016 22:36:56 (Std) 	Creating falagard mapping for type 'TaharezLook/Tooltip' using base type 'CEGUI/Tooltip', window renderer 'Core/Tooltip' Look'N'Feel 'TaharezLook/Tooltip' and RenderEffect ''. (0x7ffdf10415e0)
18/04/2016 22:36:56 (Std) 	Creating falagard mapping for type 'TaharezLook/StaticImage' using base type 'DefaultWindow', window renderer 'Core/StaticImage' Look'N'Feel 'TaharezLook/StaticImage' and RenderEffect ''. (0x7ffdf10415e0)
18/04/2016 22:36:56 (Std) 	Creating falagard mapping for type 'TaharezLook/StaticText' using base type 'DefaultWindow', window renderer 'Core/StaticText' Look'N'Feel 'TaharezLook/StaticText' and RenderEffect ''. (0x7ffdf10415e0)
18/04/2016 22:36:56 (Std) 	Creating falagard mapping for type 'TaharezLook/ItemListbox' using base type 'CEGUI/ItemListbox', window renderer 'Core/ItemListbox' Look'N'Feel 'TaharezLook/ItemListbox' and RenderEffect ''. (0x7ffdf10415e0)
18/04/2016 22:36:56 (Std) 	Creating falagard mapping for type 'TaharezLook/ListboxItem' using base type 'CEGUI/ItemEntry', window renderer 'Core/ItemEntry' Look'N'Feel 'TaharezLook/ListboxItem' and RenderEffect ''. (0x7ffdf10415e0)
18/04/2016 22:36:56 (Std) 	Creating falagard mapping for type 'TaharezLook/GroupBox' using base type 'DefaultWindow', window renderer 'Core/Default' Look'N'Feel 'TaharezLook/GroupBox' and RenderEffect ''. (0x7ffdf10415e0)
18/04/2016 22:36:56 (Std) 	Creating falagard mapping for type 'TaharezLook/Tree' using base type 'CEGUI/Tree', window renderer 'Core/Tree' Look'N'Feel 'TaharezLook/Tree' and RenderEffect ''. (0x7ffdf10415e0)
18/04/2016 22:36:56 (Std) 	---- Returning existing instance of Font named 'DejaVuSans-12'.
18/04/2016 22:36:56 (Std) 	[OgreRenderer] Created texture: BackgroundImage
18/04/2016 22:36:56 (Std) 	[ImageManager] Created image: 'BackgroundImage' (0xa1ebd60) of type: BasicImage
18/04/2016 22:36:56 (Std) 	[OgreRenderer] Created texture: BackgroundImageRecords
18/04/2016 22:36:56 (Std) 	[ImageManager] Created image: 'BackgroundImageRecords' (0xa1ecd10) of type: BasicImage
18/04/2016 22:36:56 (Std) 	[OgreRenderer] Created texture: BackgroundImageCredits
18/04/2016 22:36:56 (Std) 	[ImageManager] Created image: 'BackgroundImageCredits' (0xa1edb90) of type: BasicImage
18/04/2016 22:36:56 (Std) 	[OgreRenderer] Created texture: BackgroundImageMenu
18/04/2016 22:36:56 (Std) 	[ImageManager] Created image: 'BackgroundImageMenu' (0xa1eea10) of type: BasicImage
18/04/2016 22:36:56 (Std) 	[OgreRenderer] Created texture: BackgroundImageBar
18/04/2016 22:36:56 (Std) 	[ImageManager] Created image: 'BackgroundImageBar' (0xa1eedf0) of type: BasicImage
18/04/2016 22:36:56 (Std) 	[OgreRenderer] Created texture: BackgroundImageMeter
18/04/2016 22:36:56 (Std) 	[ImageManager] Created image: 'BackgroundImageMeter' (0xa1efc70) of type: BasicImage
18/04/2016 22:36:56 (Std) 	[OgreRenderer] Created texture: BackgroundImageFinish
18/04/2016 22:36:56 (Std) 	[ImageManager] Created image: 'BackgroundImageFinish' (0xa1f0c80) of type: BasicImage
18/04/2016 22:36:56 (Std) 	[OgreRenderer] Created texture: BackgroundImageArrow
18/04/2016 22:36:56 (Std) 	[ImageManager] Created image: 'BackgroundImageArrow' (0xa1f1b00) of type: BasicImage
18/04/2016 22:36:56 (Std) 	[OgreRenderer] Created texture: BackgroundImagePower
18/04/2016 22:36:56 (Std) 	[ImageManager] Created image: 'BackgroundImagePower' (0xa1f2a60) of type: BasicImage
18/04/2016 22:36:56 (Std) 	[OgreRenderer] Created texture: BackgroundImageOptions
18/04/2016 22:36:56 (Std) 	[ImageManager] Created image: 'BackgroundImageOptions' (0xa1f38e0) of type: BasicImage
18/04/2016 22:36:56 (Std) 	[OgreRenderer] Created texture: BackgroundImageControls
18/04/2016 22:36:56 (Std) 	[ImageManager] Created image: 'BackgroundImageControls' (0xa1f4770) of type: BasicImage
18/04/2016 22:36:56 (Std) 	[OgreRenderer] Created texture: DickVanDyke_auto_glyph_images_32
18/04/2016 22:36:58 (Std) 	[OgreRenderer] Created texture: DickVanDyke-28_auto_glyph_images_32
18/04/2016 22:37:00 (Std) 	[OgreRenderer] Created texture: DickVanDyke-26_auto_glyph_images_32
